<?xml version="1.0" ?>
<!DOCTYPE coverage SYSTEM "https://cobertura.sourceforge.net/xml/coverage-04.dtd">
<coverage branch-rate="0" branches-covered="0" branches-valid="0" complexity="0" line-rate="0.8497547926883638" lines-covered="1906" lines-valid="2243" timestamp="1775092977" version="2.0.3">
    <sources>
        <source>/Users/sikashep/pi-autoresearch</source>
    </sources>
    <packages>
        <package line-rate="0.8497547926883638" branch-rate="0" name="src" complexity="0">
            <classes>
                <class branch-rate="0" complexity="0" filename="src/main.rs" line-rate="0.8497547926883638" name="src.main.rs">
                    <methods>
                        <method name="pi_autoresearch::calculate_runtime_seconds::{closure#0}::{closure#0}::{closure#0}" signature="" complexity="0" line-rate="0" branch-rate="0">
                            <lines>
                                <line hits="0" number="1297" branch="false"/>
                            </lines>
                        </method>
                        <method name="pi_autoresearch::run::{closure#0}::{closure#6}::{closure#0}" signature="" complexity="0" line-rate="0" branch-rate="0">
                            <lines>
                                <line hits="0" number="2265" branch="false"/>
                            </lines>
                        </method>
                        <method name="pi_autoresearch::run::{closure#0}::{closure#13}::{closure#0}" signature="" complexity="0" line-rate="0" branch-rate="0">
                            <lines>
                                <line hits="0" number="2450" branch="false"/>
                            </lines>
                        </method>
                        <method name="pi_autoresearch::calculate_runtime_seconds::{closure#0}::{closure#0}::{closure#0}" signature="" complexity="0" line-rate="0" branch-rate="0">
                            <lines>
                                <line hits="0" number="1297" branch="false"/>
                            </lines>
                        </method>
                        <method name="pi_autoresearch::run::{closure#0}::{closure#6}::{closure#0}" signature="" complexity="0" line-rate="1" branch-rate="1">
                            <lines>
                                <line hits="2" number="2265" branch="false"/>
                            </lines>
                        </method>
                        <method name="pi_autoresearch::run::{closure#0}::{closure#13}::{closure#0}" signature="" complexity="0" line-rate="0" branch-rate="0">
                            <lines>
                                <line hits="0" number="2450" branch="false"/>
                            </lines>
                        </method>
                        <method name="pi_autoresearch::calculate_runtime_seconds::{closure#0}::{closure#0}" signature="" complexity="0" line-rate="0" branch-rate="0">
                            <lines>
                                <line hits="0" number="1294" branch="false"/>
                            </lines>
                        </method>
                        <method name="pi_autoresearch::calculate_final_improvement::{closure#2}::{closure#0}" signature="" complexity="0" line-rate="0" branch-rate="0">
                            <lines>
                                <line hits="0" number="1181" branch="false"/>
                            </lines>
                        </method>
                        <method name="pi_autoresearch::run::{closure#0}::{closure#2}" signature="" complexity="0" line-rate="0" branch-rate="0">
                            <lines>
                                <line hits="0" number="2218" branch="false"/>
                            </lines>
                        </method>
                        <method name="pi_autoresearch::run::{closure#0}::{closure#6}" signature="" complexity="0" line-rate="0" branch-rate="0">
                            <lines>
                                <line hits="0" number="2265" branch="false"/>
                            </lines>
                        </method>
                        <method name="pi_autoresearch::run::{closure#0}::{closure#7}" signature="" complexity="0" line-rate="0" branch-rate="0">
                            <lines>
                                <line hits="0" number="2319" branch="false"/>
                            </lines>
                        </method>
                        <method name="pi_autoresearch::run::{closure#0}::{closure#8}" signature="" complexity="0" line-rate="0" branch-rate="0">
                            <lines>
                                <line hits="0" number="2320" branch="false"/>
                            </lines>
                        </method>
                        <method name="pi_autoresearch::run::{closure#0}::{closure#9}" signature="" complexity="0" line-rate="0" branch-rate="0">
                            <lines>
                                <line hits="0" number="2402" branch="false"/>
                            </lines>
                        </method>
                        <method name="pi_autoresearch::run::{closure#0}::{closure#10}" signature="" complexity="0" line-rate="0" branch-rate="0">
                            <lines>
                                <line hits="0" number="2428" branch="false"/>
                            </lines>
                        </method>
                        <method name="pi_autoresearch::run::{closure#0}::{closure#13}" signature="" complexity="0" line-rate="0" branch-rate="0">
                            <lines>
                                <line hits="0" number="2450" branch="false"/>
                            </lines>
                        </method>
                        <method name="pi_autoresearch::run::{closure#0}::{closure#14}" signature="" complexity="0" line-rate="0" branch-rate="0">
                            <lines>
                                <line hits="0" number="2469" branch="false"/>
                            </lines>
                        </method>
                        <method name="pi_autoresearch::calculate_runtime_seconds::{closure#0}::{closure#0}" signature="" complexity="0" line-rate="0" branch-rate="0">
                            <lines>
                                <line hits="0" number="1294" branch="false"/>
                            </lines>
                        </method>
                        <method name="pi_autoresearch::calculate_final_improvement::{closure#2}::{closure#0}" signature="" complexity="0" line-rate="1" branch-rate="1">
                            <lines>
                                <line hits="2" number="1181" branch="false"/>
                            </lines>
                        </method>
                        <method name="pi_autoresearch::run::{closure#0}::{closure#2}" signature="" complexity="0" line-rate="1" branch-rate="1">
                            <lines>
                                <line hits="2" number="2218" branch="false"/>
                            </lines>
                        </method>
                        <method name="pi_autoresearch::run::{closure#0}::{closure#6}" signature="" complexity="0" line-rate="1" branch-rate="1">
                            <lines>
                                <line hits="4" number="2265" branch="false"/>
                            </lines>
                        </method>
                        <method name="pi_autoresearch::run::{closure#0}::{closure#7}" signature="" complexity="0" line-rate="0" branch-rate="0">
                            <lines>
                                <line hits="0" number="2319" branch="false"/>
                            </lines>
                        </method>
                        <method name="pi_autoresearch::run::{closure#0}::{closure#8}" signature="" complexity="0" line-rate="0" branch-rate="0">
                            <lines>
                                <line hits="0" number="2320" branch="false"/>
                            </lines>
                        </method>
                        <method name="pi_autoresearch::run::{closure#0}::{closure#9}" signature="" complexity="0" line-rate="1" branch-rate="1">
                            <lines>
                                <line hits="6" number="2402" branch="false"/>
                            </lines>
                        </method>
                        <method name="pi_autoresearch::run::{closure#0}::{closure#10}" signature="" complexity="0" line-rate="0" branch-rate="0">
                            <lines>
                                <line hits="0" number="2428" branch="false"/>
                            </lines>
                        </method>
                        <method name="pi_autoresearch::run::{closure#0}::{closure#13}" signature="" complexity="0" line-rate="1" branch-rate="1">
                            <lines>
                                <line hits="15" number="2450" branch="false"/>
                            </lines>
                        </method>
                        <method name="pi_autoresearch::run::{closure#0}::{closure#14}" signature="" complexity="0" line-rate="1" branch-rate="1">
                            <lines>
                                <line hits="2" number="2469" branch="false"/>
                            </lines>
                        </method>
                        <method name="&lt;pi_autoresearch::BeadsIntegration&gt;::create_experiment_bead::{closure#0}::{closure#0}" signature="" complexity="0" line-rate="0" branch-rate="0">
                            <lines>
                                <line hits="0" number="1615" branch="false"/>
                            </lines>
                        </method>
                        <method name="&lt;pi_autoresearch::BeadsIntegration&gt;::create_experiment_bead::{closure#0}::{closure#0}" signature="" complexity="0" line-rate="1" branch-rate="1">
                            <lines>
                                <line hits="1" number="1615" branch="false"/>
                            </lines>
                        </method>
                        <method name="pi_autoresearch::get_metric::{closure#0}" signature="" complexity="0" line-rate="1" branch-rate="1">
                            <lines>
                                <line hits="3" number="374" branch="false"/>
                            </lines>
                        </method>
                        <method name="pi_autoresearch::get_metric::{closure#1}" signature="" complexity="0" line-rate="1" branch-rate="1">
                            <lines>
                                <line hits="1" number="375" branch="false"/>
                            </lines>
                        </method>
                        <method name="pi_autoresearch::get_measure::{closure#0}" signature="" complexity="0" line-rate="1" branch-rate="1">
                            <lines>
                                <line hits="2" number="381" branch="false"/>
                            </lines>
                        </method>
                        <method name="pi_autoresearch::get_measure::{closure#1}" signature="" complexity="0" line-rate="1" branch-rate="1">
                            <lines>
                                <line hits="1" number="382" branch="false"/>
                            </lines>
                        </method>
                        <method name="pi_autoresearch::load_config::{closure#0}" signature="" complexity="0" line-rate="1" branch-rate="1">
                            <lines>
                                <line hits="1" number="343" branch="false"/>
                            </lines>
                        </method>
                        <method name="pi_autoresearch::load_config::{closure#2}" signature="" complexity="0" line-rate="1" branch-rate="1">
                            <lines>
                                <line hits="1" number="361" branch="false"/>
                            </lines>
                        </method>
                        <method name="pi_autoresearch::load_config::{closure#3}" signature="" complexity="0" line-rate="1" branch-rate="1">
                            <lines>
                                <line hits="1" number="364" branch="false"/>
                            </lines>
                        </method>
                        <method name="pi_autoresearch::load_config::{closure#1}" signature="" complexity="0" line-rate="1" branch-rate="1">
                            <lines>
                                <line hits="1" number="358" branch="false"/>
                            </lines>
                        </method>
                        <method name="pi_autoresearch::init_logging::{closure#0}" signature="" complexity="0" line-rate="0" branch-rate="0">
                            <lines>
                                <line hits="0" number="223" branch="false"/>
                            </lines>
                        </method>
                        <method name="pi_autoresearch::list_history::{closure#2}" signature="" complexity="0" line-rate="0" branch-rate="0">
                            <lines>
                                <line hits="0" number="1871" branch="false"/>
                            </lines>
                        </method>
                        <method name="pi_autoresearch::validate_config::{closure#0}" signature="" complexity="0" line-rate="1" branch-rate="1">
                            <lines>
                                <line hits="14" number="302" branch="false"/>
                            </lines>
                        </method>
                        <method name="pi_autoresearch::does_branch_exist::{closure#0}" signature="" complexity="0" line-rate="1" branch-rate="1">
                            <lines>
                                <line hits="2" number="1374" branch="false"/>
                            </lines>
                        </method>
                        <method name="pi_autoresearch::has_remote_origin::{closure#0}" signature="" complexity="0" line-rate="0" branch-rate="0">
                            <lines>
                                <line hits="0" number="1431" branch="false"/>
                            </lines>
                        </method>
                        <method name="pi_autoresearch::read_session_file::{closure#0}" signature="" complexity="0" line-rate="0" branch-rate="0">
                            <lines>
                                <line hits="0" number="1789" branch="false"/>
                            </lines>
                        </method>
                        <method name="pi_autoresearch::run_iterative_loop::{closure#0}" signature="" complexity="0" line-rate="0" branch-rate="0">
                            <lines>
                                <line hits="0" number="949" branch="false"/>
                            </lines>
                        </method>
                        <method name="pi_autoresearch::run_iterative_loop::{closure#2}" signature="" complexity="0" line-rate="0" branch-rate="0">
                            <lines>
                                <line hits="0" number="1052" branch="false"/>
                            </lines>
                        </method>
                        <method name="pi_autoresearch::run_iterative_loop::{closure#1}" signature="" complexity="0" line-rate="0" branch-rate="0">
                            <lines>
                                <line hits="0" number="1051" branch="false"/>
                            </lines>
                        </method>
                        <method name="pi_autoresearch::compare_experiments::{closure#0}" signature="" complexity="0" line-rate="0" branch-rate="0">
                            <lines>
                                <line hits="0" number="1904" branch="false"/>
                            </lines>
                        </method>
                        <method name="pi_autoresearch::compare_experiments::{closure#1}" signature="" complexity="0" line-rate="0" branch-rate="0">
                            <lines>
                                <line hits="0" number="1905" branch="false"/>
                            </lines>
                        </method>
                        <method name="pi_autoresearch::execute_measurement::{closure#0}" signature="" complexity="0" line-rate="1" branch-rate="1">
                            <lines>
                                <line hits="1" number="627" branch="false"/>
                            </lines>
                        </method>
                        <method name="pi_autoresearch::extract_key_changes::{closure#0}" signature="" complexity="0" line-rate="0" branch-rate="0">
                            <lines>
                                <line hits="0" number="1200" branch="false"/>
                            </lines>
                        </method>
                        <method name="pi_autoresearch::create_failure_result::{closure#0}" signature="" complexity="0" line-rate="0" branch-rate="0">
                            <lines>
                                <line hits="0" number="1546" branch="false"/>
                            </lines>
                        </method>
                        <method name="pi_autoresearch::parse_branch_age_days::{closure#0}" signature="" complexity="0" line-rate="1" branch-rate="1">
                            <lines>
                                <line hits="164" number="664" branch="false"/>
                            </lines>
                        </method>
                        <method name="pi_autoresearch::parse_branch_age_days::{closure#1}" signature="" complexity="0" line-rate="1" branch-rate="1">
                            <lines>
                                <line hits="1" number="665" branch="false"/>
                            </lines>
                        </method>
                        <method name="pi_autoresearch::calculate_runtime_seconds::{closure#0}" signature="" complexity="0" line-rate="0" branch-rate="0">
                            <lines>
                                <line hits="0" number="1293" branch="false"/>
                            </lines>
                        </method>
                        <method name="pi_autoresearch::list_autoresearch_branches::{closure#0}" signature="" complexity="0" line-rate="1" branch-rate="1">
                            <lines>
                                <line hits="338" number="1834" branch="false"/>
                            </lines>
                        </method>
                        <method name="pi_autoresearch::list_autoresearch_branches::{closure#1}" signature="" complexity="0" line-rate="1" branch-rate="1">
                            <lines>
                                <line hits="328" number="1835" branch="false"/>
                            </lines>
                        </method>
                        <method name="pi_autoresearch::calculate_final_improvement::{closure#2}" signature="" complexity="0" line-rate="0" branch-rate="0">
                            <lines>
                                <line hits="0" number="1181" branch="false"/>
                            </lines>
                        </method>
                        <method name="pi_autoresearch::display_experiment_comparison::{closure#2}" signature="" complexity="0" line-rate="0" branch-rate="0">
                            <lines>
                                <line hits="0" number="1931" branch="false"/>
                            </lines>
                        </method>
                        <method name="pi_autoresearch::display_experiment_comparison::{closure#5}" signature="" complexity="0" line-rate="0" branch-rate="0">
                            <lines>
                                <line hits="0" number="1937" branch="false"/>
                            </lines>
                        </method>
                        <method name="pi_autoresearch::run::{closure#0}" signature="" complexity="0" line-rate="0" branch-rate="0">
                            <lines>
                                <line hits="0" number="2134" branch="false"/>
                            </lines>
                        </method>
                        <method name="pi_autoresearch::main::{closure#0}" signature="" complexity="0" line-rate="0" branch-rate="0">
                            <lines>
                                <line hits="0" number="3476" branch="false"/>
                            </lines>
                        </method>
                        <method name="pi_autoresearch::get_metric::{closure#0}" signature="" complexity="0" line-rate="1" branch-rate="1">
                            <lines>
                                <line hits="33" number="374" branch="false"/>
                            </lines>
                        </method>
                        <method name="pi_autoresearch::get_metric::{closure#1}" signature="" complexity="0" line-rate="0" branch-rate="0">
                            <lines>
                                <line hits="0" number="375" branch="false"/>
                            </lines>
                        </method>
                        <method name="pi_autoresearch::get_measure::{closure#0}" signature="" complexity="0" line-rate="1" branch-rate="1">
                            <lines>
                                <line hits="33" number="381" branch="false"/>
                            </lines>
                        </method>
                        <method name="pi_autoresearch::get_measure::{closure#1}" signature="" complexity="0" line-rate="0" branch-rate="0">
                            <lines>
                                <line hits="0" number="382" branch="false"/>
                            </lines>
                        </method>
                        <method name="pi_autoresearch::load_config::{closure#0}" signature="" complexity="0" line-rate="0" branch-rate="0">
                            <lines>
                                <line hits="0" number="343" branch="false"/>
                            </lines>
                        </method>
                        <method name="pi_autoresearch::load_config::{closure#2}" signature="" complexity="0" line-rate="1" branch-rate="1">
                            <lines>
                                <line hits="1" number="361" branch="false"/>
                            </lines>
                        </method>
                        <method name="pi_autoresearch::load_config::{closure#3}" signature="" complexity="0" line-rate="1" branch-rate="1">
                            <lines>
                                <line hits="10" number="364" branch="false"/>
                            </lines>
                        </method>
                        <method name="pi_autoresearch::load_config::{closure#1}" signature="" complexity="0" line-rate="0" branch-rate="0">
                            <lines>
                                <line hits="0" number="358" branch="false"/>
                            </lines>
                        </method>
                        <method name="pi_autoresearch::init_logging::{closure#0}" signature="" complexity="0" line-rate="1" branch-rate="1">
                            <lines>
                                <line hits="47" number="223" branch="false"/>
                            </lines>
                        </method>
                        <method name="pi_autoresearch::list_history::{closure#2}" signature="" complexity="0" line-rate="1" branch-rate="1">
                            <lines>
                                <line hits="1" number="1871" branch="false"/>
                            </lines>
                        </method>
                        <method name="pi_autoresearch::validate_config::{closure#0}" signature="" complexity="0" line-rate="1" branch-rate="1">
                            <lines>
                                <line hits="15" number="302" branch="false"/>
                            </lines>
                        </method>
                        <method name="pi_autoresearch::does_branch_exist::{closure#0}" signature="" complexity="0" line-rate="0" branch-rate="0">
                            <lines>
                                <line hits="0" number="1374" branch="false"/>
                            </lines>
                        </method>
                        <method name="pi_autoresearch::has_remote_origin::{closure#0}" signature="" complexity="0" line-rate="0" branch-rate="0">
                            <lines>
                                <line hits="0" number="1431" branch="false"/>
                            </lines>
                        </method>
                        <method name="pi_autoresearch::read_session_file::{closure#0}" signature="" complexity="0" line-rate="0" branch-rate="0">
                            <lines>
                                <line hits="0" number="1789" branch="false"/>
                            </lines>
                        </method>
                        <method name="pi_autoresearch::run_iterative_loop::{closure#0}" signature="" complexity="0" line-rate="1" branch-rate="1">
                            <lines>
                                <line hits="4" number="949" branch="false"/>
                            </lines>
                        </method>
                        <method name="pi_autoresearch::run_iterative_loop::{closure#2}" signature="" complexity="0" line-rate="0" branch-rate="0">
                            <lines>
                                <line hits="0" number="1052" branch="false"/>
                            </lines>
                        </method>
                        <method name="pi_autoresearch::run_iterative_loop::{closure#1}" signature="" complexity="0" line-rate="0" branch-rate="0">
                            <lines>
                                <line hits="0" number="1051" branch="false"/>
                            </lines>
                        </method>
                        <method name="pi_autoresearch::compare_experiments::{closure#0}" signature="" complexity="0" line-rate="0" branch-rate="0">
                            <lines>
                                <line hits="0" number="1904" branch="false"/>
                            </lines>
                        </method>
                        <method name="pi_autoresearch::compare_experiments::{closure#1}" signature="" complexity="0" line-rate="0" branch-rate="0">
                            <lines>
                                <line hits="0" number="1905" branch="false"/>
                            </lines>
                        </method>
                        <method name="pi_autoresearch::execute_measurement::{closure#0}" signature="" complexity="0" line-rate="1" branch-rate="1">
                            <lines>
                                <line hits="2" number="627" branch="false"/>
                            </lines>
                        </method>
                        <method name="pi_autoresearch::extract_key_changes::{closure#0}" signature="" complexity="0" line-rate="1" branch-rate="1">
                            <lines>
                                <line hits="12" number="1200" branch="false"/>
                            </lines>
                        </method>
                        <method name="pi_autoresearch::create_failure_result::{closure#0}" signature="" complexity="0" line-rate="1" branch-rate="1">
                            <lines>
                                <line hits="11" number="1546" branch="false"/>
                            </lines>
                        </method>
                        <method name="pi_autoresearch::parse_branch_age_days::{closure#0}" signature="" complexity="0" line-rate="1" branch-rate="1">
                            <lines>
                                <line hits="820" number="664" branch="false"/>
                            </lines>
                        </method>
                        <method name="pi_autoresearch::parse_branch_age_days::{closure#1}" signature="" complexity="0" line-rate="1" branch-rate="1">
                            <lines>
                                <line hits="2" number="665" branch="false"/>
                            </lines>
                        </method>
                        <method name="pi_autoresearch::calculate_runtime_seconds::{closure#0}" signature="" complexity="0" line-rate="0" branch-rate="0">
                            <lines>
                                <line hits="0" number="1293" branch="false"/>
                            </lines>
                        </method>
                        <method name="pi_autoresearch::list_autoresearch_branches::{closure#0}" signature="" complexity="0" line-rate="1" branch-rate="1">
                            <lines>
                                <line hits="847" number="1834" branch="false"/>
                            </lines>
                        </method>
                        <method name="pi_autoresearch::list_autoresearch_branches::{closure#1}" signature="" complexity="0" line-rate="1" branch-rate="1">
                            <lines>
                                <line hits="822" number="1835" branch="false"/>
                            </lines>
                        </method>
                        <method name="pi_autoresearch::calculate_final_improvement::{closure#2}" signature="" complexity="0" line-rate="1" branch-rate="1">
                            <lines>
                                <line hits="19" number="1181" branch="false"/>
                            </lines>
                        </method>
                        <method name="pi_autoresearch::display_experiment_comparison::{closure#2}" signature="" complexity="0" line-rate="0" branch-rate="0">
                            <lines>
                                <line hits="0" number="1931" branch="false"/>
                            </lines>
                        </method>
                        <method name="pi_autoresearch::display_experiment_comparison::{closure#5}" signature="" complexity="0" line-rate="0" branch-rate="0">
                            <lines>
                                <line hits="0" number="1937" branch="false"/>
                            </lines>
                        </method>
                        <method name="pi_autoresearch::run::{closure#0}" signature="" complexity="0" line-rate="1" branch-rate="1">
                            <lines>
                                <line hits="82" number="2134" branch="false"/>
                            </lines>
                        </method>
                        <method name="pi_autoresearch::main::{closure#0}" signature="" complexity="0" line-rate="1" branch-rate="1">
                            <lines>
                                <line hits="82" number="3476" branch="false"/>
                            </lines>
                        </method>
                        <method name="&lt;pi_autoresearch::BeadsIntegration&gt;::create_experiment_bead::{closure#0}" signature="" complexity="0" line-rate="0" branch-rate="0">
                            <lines>
                                <line hits="0" number="1614" branch="false"/>
                            </lines>
                        </method>
                        <method name="&lt;pi_autoresearch::BeadsIntegration&gt;::create_experiment_bead::{closure#0}" signature="" complexity="0" line-rate="1" branch-rate="1">
                            <lines>
                                <line hits="1" number="1614" branch="false"/>
                            </lines>
                        </method>
                        <method name="pi_autoresearch::tests::test_uuid_generate_format::{closure#0}" signature="" complexity="0" line-rate="1" branch-rate="1">
                            <lines>
                                <line hits="16" number="3027" branch="false"/>
                            </lines>
                        </method>
                        <method name="pi_autoresearch::tests::test_get_git_commit_hash_format::{closure#0}" signature="" complexity="0" line-rate="1" branch-rate="1">
                            <lines>
                                <line hits="40" number="3079" branch="false"/>
                            </lines>
                        </method>
                        <method name="pi_autoresearch::get_metric" signature="" complexity="0" line-rate="1" branch-rate="1">
                            <lines>
                                <line hits="5" number="372" branch="false"/>
                            </lines>
                        </method>
                        <method name="pi_autoresearch::get_measure" signature="" complexity="0" line-rate="1" branch-rate="1">
                            <lines>
                                <line hits="4" number="379" branch="false"/>
                            </lines>
                        </method>
                        <method name="pi_autoresearch::load_config" signature="" complexity="0" line-rate="1" branch-rate="1">
                            <lines>
                                <line hits="4" number="338" branch="false"/>
                            </lines>
                        </method>
                        <method name="pi_autoresearch::push_branch" signature="" complexity="0" line-rate="1" branch-rate="1">
                            <lines>
                                <line hits="1" number="1436" branch="false"/>
                            </lines>
                        </method>
                        <method name="pi_autoresearch::get_baseline" signature="" complexity="0" line-rate="1" branch-rate="1">
                            <lines>
                                <line hits="3" number="386" branch="false"/>
                            </lines>
                        </method>
                        <method name="pi_autoresearch::init_logging" signature="" complexity="0" line-rate="0" branch-rate="0">
                            <lines>
                                <line hits="0" number="212" branch="false"/>
                            </lines>
                        </method>
                        <method name="pi_autoresearch::keep_changes" signature="" complexity="0" line-rate="1" branch-rate="1">
                            <lines>
                                <line hits="1" number="817" branch="false"/>
                            </lines>
                        </method>
                        <method name="pi_autoresearch::list_history" signature="" complexity="0" line-rate="0" branch-rate="0">
                            <lines>
                                <line hits="0" number="1848" branch="false"/>
                            </lines>
                        </method>
                        <method name="pi_autoresearch::truncate_str" signature="" complexity="0" line-rate="1" branch-rate="1">
                            <lines>
                                <line hits="4" number="2015" branch="false"/>
                            </lines>
                        </method>
                        <method name="pi_autoresearch::log_iteration" signature="" complexity="0" line-rate="0" branch-rate="0">
                            <lines>
                                <line hits="0" number="821" branch="false"/>
                            </lines>
                        </method>
                        <method name="pi_autoresearch::run_iteration" signature="" complexity="0" line-rate="0" branch-rate="0">
                            <lines>
                                <line hits="0" number="846" branch="false"/>
                            </lines>
                        </method>
                        <method name="pi_autoresearch::uuid_generate" signature="" complexity="0" line-rate="1" branch-rate="1">
                            <lines>
                                <line hits="7" number="837" branch="false"/>
                            </lines>
                        </method>
                        <method name="pi_autoresearch::commit_changes" signature="" complexity="0" line-rate="1" branch-rate="1">
                            <lines>
                                <line hits="1" number="1413" branch="false"/>
                            </lines>
                        </method>
                        <method name="pi_autoresearch::revert_changes" signature="" complexity="0" line-rate="1" branch-rate="1">
                            <lines>
                                <line hits="1" number="813" branch="false"/>
                            </lines>
                        </method>
                        <method name="pi_autoresearch::checkout_branch" signature="" complexity="0" line-rate="1" branch-rate="1">
                            <lines>
                                <line hits="2" number="1450" branch="false"/>
                            </lines>
                        </method>
                        <method name="pi_autoresearch::format_duration" signature="" complexity="0" line-rate="1" branch-rate="1">
                            <lines>
                                <line hits="8" number="2002" branch="false"/>
                            </lines>
                        </method>
                        <method name="pi_autoresearch::generate_design" signature="" complexity="0" line-rate="0" branch-rate="0">
                            <lines>
                                <line hits="0" number="560" branch="false"/>
                            </lines>
                        </method>
                        <method name="pi_autoresearch::get_stall_limit" signature="" complexity="0" line-rate="1" branch-rate="1">
                            <lines>
                                <line hits="2" number="444" branch="false"/>
                            </lines>
                        </method>
                        <method name="pi_autoresearch::invoke_pi_agent" signature="" complexity="0" line-rate="1" branch-rate="1">
                            <lines>
                                <line hits="3" number="799" branch="false"/>
                            </lines>
                        </method>
                        <method name="pi_autoresearch::validate_config" signature="" complexity="0" line-rate="1" branch-rate="1">
                            <lines>
                                <line hits="14" number="240" branch="false"/>
                            </lines>
                        </method>
                        <method name="pi_autoresearch::verify_baseline" signature="" complexity="0" line-rate="0" branch-rate="0">
                            <lines>
                                <line hits="0" number="691" branch="false"/>
                            </lines>
                        </method>
                        <method name="pi_autoresearch::get_max_variance" signature="" complexity="0" line-rate="1" branch-rate="1">
                            <lines>
                                <line hits="2" number="408" branch="false"/>
                            </lines>
                        </method>
                        <method name="pi_autoresearch::get_session_file" signature="" complexity="0" line-rate="1" branch-rate="1">
                            <lines>
                                <line hits="2" number="414" branch="false"/>
                            </lines>
                        </method>
                        <method name="pi_autoresearch::does_branch_exist" signature="" complexity="0" line-rate="1" branch-rate="1">
                            <lines>
                                <line hits="2" number="1368" branch="false"/>
                            </lines>
                        </method>
                        <method name="pi_autoresearch::format_branch_age" signature="" complexity="0" line-rate="1" branch-rate="1">
                            <lines>
                                <line hits="172" number="683" branch="false"/>
                            </lines>
                        </method>
                        <method name="pi_autoresearch::get_beads_enabled" signature="" complexity="0" line-rate="1" branch-rate="1">
                            <lines>
                                <line hits="5" number="419" branch="false"/>
                            </lines>
                        </method>
                        <method name="pi_autoresearch::get_total_timeout" signature="" complexity="0" line-rate="1" branch-rate="1">
                            <lines>
                                <line hits="2" number="437" branch="false"/>
                            </lines>
                        </method>
                        <method name="pi_autoresearch::has_remote_origin" signature="" complexity="0" line-rate="0" branch-rate="0">
                            <lines>
                                <line hits="0" number="1427" branch="false"/>
                            </lines>
                        </method>
                        <method name="pi_autoresearch::read_session_file" signature="" complexity="0" line-rate="0" branch-rate="0">
                            <lines>
                                <line hits="0" number="1718" branch="false"/>
                            </lines>
                        </method>
                        <method name="pi_autoresearch::stage_all_changes" signature="" complexity="0" line-rate="1" branch-rate="1">
                            <lines>
                                <line hits="1" number="1399" branch="false"/>
                            </lines>
                        </method>
                        <method name="pi_autoresearch::find_session_by_id" signature="" complexity="0" line-rate="0" branch-rate="0">
                            <lines>
                                <line hits="0" number="2075" branch="false"/>
                            </lines>
                        </method>
                        <method name="pi_autoresearch::get_current_branch" signature="" complexity="0" line-rate="1" branch-rate="1">
                            <lines>
                                <line hits="4" number="1354" branch="false"/>
                            </lines>
                        </method>
                        <method name="pi_autoresearch::get_max_iterations" signature="" complexity="0" line-rate="1" branch-rate="1">
                            <lines>
                                <line hits="2" number="400" branch="false"/>
                            </lines>
                        </method>
                        <method name="pi_autoresearch::run_iterative_loop" signature="" complexity="0" line-rate="0" branch-rate="0">
                            <lines>
                                <line hits="0" number="899" branch="false"/>
                            </lines>
                        </method>
                        <method name="pi_autoresearch::compare_experiments" signature="" complexity="0" line-rate="0" branch-rate="0">
                            <lines>
                                <line hits="0" number="1893" branch="false"/>
                            </lines>
                        </method>
                        <method name="pi_autoresearch::execute_measurement" signature="" complexity="0" line-rate="1" branch-rate="1">
                            <lines>
                                <line hits="8" number="607" branch="false"/>
                            </lines>
                        </method>
                        <method name="pi_autoresearch::extract_key_changes" signature="" complexity="0" line-rate="0" branch-rate="0">
                            <lines>
                                <line hits="0" number="1192" branch="false"/>
                            </lines>
                        </method>
                        <method name="pi_autoresearch::finalize_experiment" signature="" complexity="0" line-rate="0" branch-rate="0">
                            <lines>
                                <line hits="0" number="1464" branch="false"/>
                            </lines>
                        </method>
                        <method name="pi_autoresearch::get_git_commit_hash" signature="" complexity="0" line-rate="1" branch-rate="1">
                            <lines>
                                <line hits="1" number="639" branch="false"/>
                            </lines>
                        </method>
                        <method name="pi_autoresearch::generate_branch_name" signature="" complexity="0" line-rate="1" branch-rate="1">
                            <lines>
                                <line hits="3" number="1304" branch="false"/>
                            </lines>
                        </method>
                        <method name="pi_autoresearch::print_failure_report" signature="" complexity="0" line-rate="0" branch-rate="0">
                            <lines>
                                <line hits="0" number="2089" branch="false"/>
                            </lines>
                        </method>
                        <method name="pi_autoresearch::save_to_session_file" signature="" complexity="0" line-rate="0" branch-rate="0">
                            <lines>
                                <line hits="0" number="779" branch="false"/>
                            </lines>
                        </method>
                        <method name="pi_autoresearch::create_failure_result" signature="" complexity="0" line-rate="0" branch-rate="0">
                            <lines>
                                <line hits="0" number="1525" branch="false"/>
                            </lines>
                        </method>
                        <method name="pi_autoresearch::get_iteration_timeout" signature="" complexity="0" line-rate="1" branch-rate="1">
                            <lines>
                                <line hits="2" number="430" branch="false"/>
                            </lines>
                        </method>
                        <method name="pi_autoresearch::is_valid_session_path" signature="" complexity="0" line-rate="1" branch-rate="1">
                            <lines>
                                <line hits="8" number="309" branch="false"/>
                            </lines>
                        </method>
                        <method name="pi_autoresearch::parse_branch_age_days" signature="" complexity="0" line-rate="1" branch-rate="1">
                            <lines>
                                <line hits="166" number="654" branch="false"/>
                            </lines>
                        </method>
                        <method name="pi_autoresearch::execute_git_operations" signature="" complexity="0" line-rate="1" branch-rate="1">
                            <lines>
                                <line hits="1" number="1311" branch="false"/>
                            </lines>
                        </method>
                        <method name="pi_autoresearch::extract_change_summary" signature="" complexity="0" line-rate="0" branch-rate="0">
                            <lines>
                                <line hits="0" number="1226" branch="false"/>
                            </lines>
                        </method>
                        <method name="pi_autoresearch::get_convergence_window" signature="" complexity="0" line-rate="1" branch-rate="1">
                            <lines>
                                <line hits="2" number="458" branch="false"/>
                            </lines>
                        </method>
                        <method name="pi_autoresearch::get_target_improvement" signature="" complexity="0" line-rate="1" branch-rate="1">
                            <lines>
                                <line hits="2" number="393" branch="false"/>
                            </lines>
                        </method>
                        <method name="pi_autoresearch::apply_changes_in_branch" signature="" complexity="0" line-rate="1" branch-rate="1">
                            <lines>
                                <line hits="1" number="808" branch="false"/>
                            </lines>
                        </method>
                        <method name="pi_autoresearch::generate_commit_message" signature="" complexity="0" line-rate="0" branch-rate="0">
                            <lines>
                                <line hits="0" number="1240" branch="false"/>
                            </lines>
                        </method>
                        <method name="pi_autoresearch::read_question_from_stdin" signature="" complexity="0" line-rate="0" branch-rate="0">
                            <lines>
                                <line hits="0" number="592" branch="false"/>
                            </lines>
                        </method>
                        <method name="pi_autoresearch::calculate_runtime_seconds" signature="" complexity="0" line-rate="0" branch-rate="0">
                            <lines>
                                <line hits="0" number="1289" branch="false"/>
                            </lines>
                        </method>
                        <method name="pi_autoresearch::calculate_session_runtime" signature="" complexity="0" line-rate="0" branch-rate="0">
                            <lines>
                                <line hits="0" number="1989" branch="false"/>
                            </lines>
                        </method>
                        <method name="pi_autoresearch::create_or_checkout_branch" signature="" complexity="0" line-rate="1" branch-rate="1">
                            <lines>
                                <line hits="2" number="1379" branch="false"/>
                            </lines>
                        </method>
                        <method name="pi_autoresearch::get_convergence_threshold" signature="" complexity="0" line-rate="1" branch-rate="1">
                            <lines>
                                <line hits="2" number="451" branch="false"/>
                            </lines>
                        </method>
                        <method name="pi_autoresearch::list_autoresearch_branches" signature="" complexity="0" line-rate="1" branch-rate="1">
                            <lines>
                                <line hits="2" number="1823" branch="false"/>
                            </lines>
                        </method>
                        <method name="pi_autoresearch::calculate_final_improvement" signature="" complexity="0" line-rate="0" branch-rate="0">
                            <lines>
                                <line hits="0" number="1173" branch="false"/>
                            </lines>
                        </method>
                        <method name="pi_autoresearch::cleanup_autoresearch_branches" signature="" complexity="0" line-rate="1" branch-rate="1">
                            <lines>
                                <line hits="1" number="2023" branch="false"/>
                            </lines>
                        </method>
                        <method name="pi_autoresearch::display_experiment_comparison" signature="" complexity="0" line-rate="0" branch-rate="0">
                            <lines>
                                <line hits="0" number="1925" branch="false"/>
                            </lines>
                        </method>
                        <method name="pi_autoresearch::generate_failure_recommendations" signature="" complexity="0" line-rate="0" branch-rate="0">
                            <lines>
                                <line hits="0" number="1106" branch="false"/>
                            </lines>
                        </method>
                        <method name="pi_autoresearch::run" signature="" complexity="0" line-rate="0" branch-rate="0">
                            <lines>
                                <line hits="0" number="2134" branch="false"/>
                            </lines>
                        </method>
                        <method name="pi_autoresearch::main" signature="" complexity="0" line-rate="0" branch-rate="0">
                            <lines>
                                <line hits="0" number="3476" branch="false"/>
                            </lines>
                        </method>
                        <method name="pi_autoresearch::get_metric" signature="" complexity="0" line-rate="1" branch-rate="1">
                            <lines>
                                <line hits="33" number="372" branch="false"/>
                            </lines>
                        </method>
                        <method name="pi_autoresearch::get_measure" signature="" complexity="0" line-rate="1" branch-rate="1">
                            <lines>
                                <line hits="33" number="379" branch="false"/>
                            </lines>
                        </method>
                        <method name="pi_autoresearch::load_config" signature="" complexity="0" line-rate="1" branch-rate="1">
                            <lines>
                                <line hits="76" number="338" branch="false"/>
                            </lines>
                        </method>
                        <method name="pi_autoresearch::push_branch" signature="" complexity="0" line-rate="0" branch-rate="0">
                            <lines>
                                <line hits="0" number="1436" branch="false"/>
                            </lines>
                        </method>
                        <method name="pi_autoresearch::get_baseline" signature="" complexity="0" line-rate="1" branch-rate="1">
                            <lines>
                                <line hits="22" number="386" branch="false"/>
                            </lines>
                        </method>
                        <method name="pi_autoresearch::init_logging" signature="" complexity="0" line-rate="1" branch-rate="1">
                            <lines>
                                <line hits="76" number="212" branch="false"/>
                            </lines>
                        </method>
                        <method name="pi_autoresearch::keep_changes" signature="" complexity="0" line-rate="1" branch-rate="1">
                            <lines>
                                <line hits="14" number="817" branch="false"/>
                            </lines>
                        </method>
                        <method name="pi_autoresearch::list_history" signature="" complexity="0" line-rate="1" branch-rate="1">
                            <lines>
                                <line hits="6" number="1848" branch="false"/>
                            </lines>
                        </method>
                        <method name="pi_autoresearch::truncate_str" signature="" complexity="0" line-rate="0" branch-rate="0">
                            <lines>
                                <line hits="0" number="2015" branch="false"/>
                            </lines>
                        </method>
                        <method name="pi_autoresearch::log_iteration" signature="" complexity="0" line-rate="1" branch-rate="1">
                            <lines>
                                <line hits="17" number="821" branch="false"/>
                            </lines>
                        </method>
                        <method name="pi_autoresearch::run_iteration" signature="" complexity="0" line-rate="1" branch-rate="1">
                            <lines>
                                <line hits="22" number="846" branch="false"/>
                            </lines>
                        </method>
                        <method name="pi_autoresearch::uuid_generate" signature="" complexity="0" line-rate="1" branch-rate="1">
                            <lines>
                                <line hits="45" number="837" branch="false"/>
                            </lines>
                        </method>
                        <method name="pi_autoresearch::commit_changes" signature="" complexity="0" line-rate="0" branch-rate="0">
                            <lines>
                                <line hits="0" number="1413" branch="false"/>
                            </lines>
                        </method>
                        <method name="pi_autoresearch::revert_changes" signature="" complexity="0" line-rate="1" branch-rate="1">
                            <lines>
                                <line hits="3" number="813" branch="false"/>
                            </lines>
                        </method>
                        <method name="pi_autoresearch::checkout_branch" signature="" complexity="0" line-rate="0" branch-rate="0">
                            <lines>
                                <line hits="0" number="1450" branch="false"/>
                            </lines>
                        </method>
                        <method name="pi_autoresearch::format_duration" signature="" complexity="0" line-rate="0" branch-rate="0">
                            <lines>
                                <line hits="0" number="2002" branch="false"/>
                            </lines>
                        </method>
                        <method name="pi_autoresearch::generate_design" signature="" complexity="0" line-rate="1" branch-rate="1">
                            <lines>
                                <line hits="34" number="560" branch="false"/>
                            </lines>
                        </method>
                        <method name="pi_autoresearch::get_stall_limit" signature="" complexity="0" line-rate="1" branch-rate="1">
                            <lines>
                                <line hits="23" number="444" branch="false"/>
                            </lines>
                        </method>
                        <method name="pi_autoresearch::invoke_pi_agent" signature="" complexity="0" line-rate="1" branch-rate="1">
                            <lines>
                                <line hits="22" number="799" branch="false"/>
                            </lines>
                        </method>
                        <method name="pi_autoresearch::validate_config" signature="" complexity="0" line-rate="1" branch-rate="1">
                            <lines>
                                <line hits="70" number="240" branch="false"/>
                            </lines>
                        </method>
                        <method name="pi_autoresearch::verify_baseline" signature="" complexity="0" line-rate="1" branch-rate="1">
                            <lines>
                                <line hits="9" number="691" branch="false"/>
                            </lines>
                        </method>
                        <method name="pi_autoresearch::get_max_variance" signature="" complexity="0" line-rate="1" branch-rate="1">
                            <lines>
                                <line hits="31" number="408" branch="false"/>
                            </lines>
                        </method>
                        <method name="pi_autoresearch::get_session_file" signature="" complexity="0" line-rate="1" branch-rate="1">
                            <lines>
                                <line hits="132" number="414" branch="false"/>
                            </lines>
                        </method>
                        <method name="pi_autoresearch::does_branch_exist" signature="" complexity="0" line-rate="0" branch-rate="0">
                            <lines>
                                <line hits="0" number="1368" branch="false"/>
                            </lines>
                        </method>
                        <method name="pi_autoresearch::format_branch_age" signature="" complexity="0" line-rate="1" branch-rate="1">
                            <lines>
                                <line hits="822" number="683" branch="false"/>
                            </lines>
                        </method>
                        <method name="pi_autoresearch::get_beads_enabled" signature="" complexity="0" line-rate="1" branch-rate="1">
                            <lines>
                                <line hits="34" number="419" branch="false"/>
                            </lines>
                        </method>
                        <method name="pi_autoresearch::get_total_timeout" signature="" complexity="0" line-rate="1" branch-rate="1">
                            <lines>
                                <line hits="23" number="437" branch="false"/>
                            </lines>
                        </method>
                        <method name="pi_autoresearch::has_remote_origin" signature="" complexity="0" line-rate="0" branch-rate="0">
                            <lines>
                                <line hits="0" number="1427" branch="false"/>
                            </lines>
                        </method>
                        <method name="pi_autoresearch::read_session_file" signature="" complexity="0" line-rate="1" branch-rate="1">
                            <lines>
                                <line hits="11" number="1718" branch="false"/>
                            </lines>
                        </method>
                        <method name="pi_autoresearch::stage_all_changes" signature="" complexity="0" line-rate="0" branch-rate="0">
                            <lines>
                                <line hits="0" number="1399" branch="false"/>
                            </lines>
                        </method>
                        <method name="pi_autoresearch::find_session_by_id" signature="" complexity="0" line-rate="1" branch-rate="1">
                            <lines>
                                <line hits="5" number="2075" branch="false"/>
                            </lines>
                        </method>
                        <method name="pi_autoresearch::get_current_branch" signature="" complexity="0" line-rate="0" branch-rate="0">
                            <lines>
                                <line hits="0" number="1354" branch="false"/>
                            </lines>
                        </method>
                        <method name="pi_autoresearch::get_max_iterations" signature="" complexity="0" line-rate="1" branch-rate="1">
                            <lines>
                                <line hits="23" number="400" branch="false"/>
                            </lines>
                        </method>
                        <method name="pi_autoresearch::run_iterative_loop" signature="" complexity="0" line-rate="1" branch-rate="1">
                            <lines>
                                <line hits="23" number="899" branch="false"/>
                            </lines>
                        </method>
                        <method name="pi_autoresearch::compare_experiments" signature="" complexity="0" line-rate="0" branch-rate="0">
                            <lines>
                                <line hits="0" number="1893" branch="false"/>
                            </lines>
                        </method>
                        <method name="pi_autoresearch::execute_measurement" signature="" complexity="0" line-rate="1" branch-rate="1">
                            <lines>
                                <line hits="36" number="607" branch="false"/>
                            </lines>
                        </method>
                        <method name="pi_autoresearch::extract_key_changes" signature="" complexity="0" line-rate="1" branch-rate="1">
                            <lines>
                                <line hits="12" number="1192" branch="false"/>
                            </lines>
                        </method>
                        <method name="pi_autoresearch::finalize_experiment" signature="" complexity="0" line-rate="1" branch-rate="1">
                            <lines>
                                <line hits="23" number="1464" branch="false"/>
                            </lines>
                        </method>
                        <method name="pi_autoresearch::get_git_commit_hash" signature="" complexity="0" line-rate="1" branch-rate="1">
                            <lines>
                                <line hits="31" number="639" branch="false"/>
                            </lines>
                        </method>
                        <method name="pi_autoresearch::generate_branch_name" signature="" complexity="0" line-rate="0" branch-rate="0">
                            <lines>
                                <line hits="0" number="1304" branch="false"/>
                            </lines>
                        </method>
                        <method name="pi_autoresearch::print_failure_report" signature="" complexity="0" line-rate="1" branch-rate="1">
                            <lines>
                                <line hits="5" number="2089" branch="false"/>
                            </lines>
                        </method>
                        <method name="pi_autoresearch::save_to_session_file" signature="" complexity="0" line-rate="1" branch-rate="1">
                            <lines>
                                <line hits="26" number="779" branch="false"/>
                            </lines>
                        </method>
                        <method name="pi_autoresearch::create_failure_result" signature="" complexity="0" line-rate="1" branch-rate="1">
                            <lines>
                                <line hits="11" number="1525" branch="false"/>
                            </lines>
                        </method>
                        <method name="pi_autoresearch::get_iteration_timeout" signature="" complexity="0" line-rate="1" branch-rate="1">
                            <lines>
                                <line hits="23" number="430" branch="false"/>
                            </lines>
                        </method>
                        <method name="pi_autoresearch::is_valid_session_path" signature="" complexity="0" line-rate="1" branch-rate="1">
                            <lines>
                                <line hits="59" number="309" branch="false"/>
                            </lines>
                        </method>
                        <method name="pi_autoresearch::parse_branch_age_days" signature="" complexity="0" line-rate="1" branch-rate="1">
                            <lines>
                                <line hits="822" number="654" branch="false"/>
                            </lines>
                        </method>
                        <method name="pi_autoresearch::execute_git_operations" signature="" complexity="0" line-rate="0" branch-rate="0">
                            <lines>
                                <line hits="0" number="1311" branch="false"/>
                            </lines>
                        </method>
                        <method name="pi_autoresearch::extract_change_summary" signature="" complexity="0" line-rate="1" branch-rate="1">
                            <lines>
                                <line hits="13" number="1226" branch="false"/>
                            </lines>
                        </method>
                        <method name="pi_autoresearch::get_convergence_window" signature="" complexity="0" line-rate="1" branch-rate="1">
                            <lines>
                                <line hits="23" number="458" branch="false"/>
                            </lines>
                        </method>
                        <method name="pi_autoresearch::get_target_improvement" signature="" complexity="0" line-rate="1" branch-rate="1">
                            <lines>
                                <line hits="23" number="393" branch="false"/>
                            </lines>
                        </method>
                        <method name="pi_autoresearch::apply_changes_in_branch" signature="" complexity="0" line-rate="1" branch-rate="1">
                            <lines>
                                <line hits="18" number="808" branch="false"/>
                            </lines>
                        </method>
                        <method name="pi_autoresearch::generate_commit_message" signature="" complexity="0" line-rate="0" branch-rate="0">
                            <lines>
                                <line hits="0" number="1240" branch="false"/>
                            </lines>
                        </method>
                        <method name="pi_autoresearch::read_question_from_stdin" signature="" complexity="0" line-rate="1" branch-rate="1">
                            <lines>
                                <line hits="1" number="592" branch="false"/>
                            </lines>
                        </method>
                        <method name="pi_autoresearch::calculate_runtime_seconds" signature="" complexity="0" line-rate="0" branch-rate="0">
                            <lines>
                                <line hits="0" number="1289" branch="false"/>
                            </lines>
                        </method>
                        <method name="pi_autoresearch::calculate_session_runtime" signature="" complexity="0" line-rate="0" branch-rate="0">
                            <lines>
                                <line hits="0" number="1989" branch="false"/>
                            </lines>
                        </method>
                        <method name="pi_autoresearch::create_or_checkout_branch" signature="" complexity="0" line-rate="0" branch-rate="0">
                            <lines>
                                <line hits="0" number="1379" branch="false"/>
                            </lines>
                        </method>
                        <method name="pi_autoresearch::get_convergence_threshold" signature="" complexity="0" line-rate="1" branch-rate="1">
                            <lines>
                                <line hits="23" number="451" branch="false"/>
                            </lines>
                        </method>
                        <method name="pi_autoresearch::list_autoresearch_branches" signature="" complexity="0" line-rate="1" branch-rate="1">
                            <lines>
                                <line hits="5" number="1823" branch="false"/>
                            </lines>
                        </method>
                        <method name="pi_autoresearch::calculate_final_improvement" signature="" complexity="0" line-rate="1" branch-rate="1">
                            <lines>
                                <line hits="23" number="1173" branch="false"/>
                            </lines>
                        </method>
                        <method name="pi_autoresearch::cleanup_autoresearch_branches" signature="" complexity="0" line-rate="1" branch-rate="1">
                            <lines>
                                <line hits="3" number="2023" branch="false"/>
                            </lines>
                        </method>
                        <method name="pi_autoresearch::display_experiment_comparison" signature="" complexity="0" line-rate="0" branch-rate="0">
                            <lines>
                                <line hits="0" number="1925" branch="false"/>
                            </lines>
                        </method>
                        <method name="pi_autoresearch::generate_failure_recommendations" signature="" complexity="0" line-rate="1" branch-rate="1">
                            <lines>
                                <line hits="11" number="1106" branch="false"/>
                            </lines>
                        </method>
                        <method name="pi_autoresearch::run" signature="" complexity="0" line-rate="1" branch-rate="1">
                            <lines>
                                <line hits="82" number="2134" branch="false"/>
                            </lines>
                        </method>
                        <method name="pi_autoresearch::main" signature="" complexity="0" line-rate="1" branch-rate="1">
                            <lines>
                                <line hits="82" number="3476" branch="false"/>
                            </lines>
                        </method>
                        <method name="&lt;pi_autoresearch::BeadsIntegration&gt;::close_bead" signature="" complexity="0" line-rate="0" branch-rate="0">
                            <lines>
                                <line hits="0" number="1653" branch="false"/>
                            </lines>
                        </method>
                        <method name="&lt;pi_autoresearch::BeadsIntegration&gt;::update_bead_progress" signature="" complexity="0" line-rate="0" branch-rate="0">
                            <lines>
                                <line hits="0" number="1624" branch="false"/>
                            </lines>
                        </method>
                        <method name="&lt;pi_autoresearch::BeadsIntegration&gt;::create_experiment_bead" signature="" complexity="0" line-rate="0" branch-rate="0">
                            <lines>
                                <line hits="0" number="1577" branch="false"/>
                            </lines>
                        </method>
                        <method name="&lt;pi_autoresearch::BeadsIntegration&gt;::new" signature="" complexity="0" line-rate="0" branch-rate="0">
                            <lines>
                                <line hits="0" number="1570" branch="false"/>
                            </lines>
                        </method>
                        <method name="&lt;pi_autoresearch::BeadsIntegration&gt;::close_bead" signature="" complexity="0" line-rate="1" branch-rate="1">
                            <lines>
                                <line hits="21" number="1653" branch="false"/>
                            </lines>
                        </method>
                        <method name="&lt;pi_autoresearch::BeadsIntegration&gt;::update_bead_progress" signature="" complexity="0" line-rate="1" branch-rate="1">
                            <lines>
                                <line hits="19" number="1624" branch="false"/>
                            </lines>
                        </method>
                        <method name="&lt;pi_autoresearch::BeadsIntegration&gt;::create_experiment_bead" signature="" complexity="0" line-rate="1" branch-rate="1">
                            <lines>
                                <line hits="1" number="1577" branch="false"/>
                            </lines>
                        </method>
                        <method name="&lt;pi_autoresearch::BeadsIntegration&gt;::new" signature="" complexity="0" line-rate="1" branch-rate="1">
                            <lines>
                                <line hits="34" number="1570" branch="false"/>
                            </lines>
                        </method>
                        <method name="pi_autoresearch::tests::test_truncate_str_long" signature="" complexity="0" line-rate="1" branch-rate="1">
                            <lines>
                                <line hits="1" number="3061" branch="false"/>
                            </lines>
                        </method>
                        <method name="pi_autoresearch::tests::test_get_metric_default" signature="" complexity="0" line-rate="1" branch-rate="1">
                            <lines>
                                <line hits="1" number="2552" branch="false"/>
                            </lines>
                        </method>
                        <method name="pi_autoresearch::tests::test_truncate_str_empty" signature="" complexity="0" line-rate="1" branch-rate="1">
                            <lines>
                                <line hits="1" number="3067" branch="false"/>
                            </lines>
                        </method>
                        <method name="pi_autoresearch::tests::test_truncate_str_exact" signature="" complexity="0" line-rate="1" branch-rate="1">
                            <lines>
                                <line hits="1" number="3056" branch="false"/>
                            </lines>
                        </method>
                        <method name="pi_autoresearch::tests::test_truncate_str_short" signature="" complexity="0" line-rate="1" branch-rate="1">
                            <lines>
                                <line hits="1" number="3051" branch="false"/>
                            </lines>
                        </method>
                        <method name="pi_autoresearch::tests::test_get_measure_default" signature="" complexity="0" line-rate="1" branch-rate="1">
                            <lines>
                                <line hits="1" number="3452" branch="false"/>
                            </lines>
                        </method>
                        <method name="pi_autoresearch::tests::test_uuid_generate_format" signature="" complexity="0" line-rate="1" branch-rate="1">
                            <lines>
                                <line hits="1" number="3024" branch="false"/>
                            </lines>
                        </method>
                        <method name="pi_autoresearch::tests::test_uuid_generate_unique" signature="" complexity="0" line-rate="1" branch-rate="1">
                            <lines>
                                <line hits="1" number="3013" branch="false"/>
                            </lines>
                        </method>
                        <method name="pi_autoresearch::tests::test_format_duration_hours" signature="" complexity="0" line-rate="1" branch-rate="1">
                            <lines>
                                <line hits="1" number="3045" branch="false"/>
                            </lines>
                        </method>
                        <method name="pi_autoresearch::tests::test_keep_changes_no_panic" signature="" complexity="0" line-rate="1" branch-rate="1">
                            <lines>
                                <line hits="1" number="3251" branch="false"/>
                            </lines>
                        </method>
                        <method name="pi_autoresearch::tests::test_validate_config_valid" signature="" complexity="0" line-rate="1" branch-rate="1">
                            <lines>
                                <line hits="1" number="2805" branch="false"/>
                            </lines>
                        </method>
[...]
                        <line branch="false" hits="1" number="2998"/>
                        <line branch="false" hits="1" number="2999"/>
                        <line branch="false" hits="1" number="3002"/>
                        <line branch="false" hits="1" number="3003"/>
                        <line branch="false" hits="1" number="3004"/>
                        <line branch="false" hits="1" number="3005"/>
                        <line branch="false" hits="1" number="3008"/>
                        <line branch="false" hits="1" number="3009"/>
                        <line branch="false" hits="1" number="3010"/>
                        <line branch="false" hits="1" number="3013"/>
                        <line branch="false" hits="1" number="3015"/>
                        <line branch="false" hits="1" number="3016"/>
                        <line branch="false" hits="1" number="3017"/>
                        <line branch="false" hits="1" number="3019"/>
                        <line branch="false" hits="1" number="3020"/>
                        <line branch="false" hits="1" number="3021"/>
                        <line branch="false" hits="1" number="3024"/>
                        <line branch="false" hits="1" number="3026"/>
                        <line branch="false" hits="16" number="3027"/>
                        <line branch="false" hits="1" number="3028"/>
                        <line branch="false" hits="1" number="3031"/>
                        <line branch="false" hits="1" number="3032"/>
                        <line branch="false" hits="1" number="3033"/>
                        <line branch="false" hits="1" number="3034"/>
                        <line branch="false" hits="1" number="3035"/>
                        <line branch="false" hits="1" number="3038"/>
                        <line branch="false" hits="1" number="3039"/>
                        <line branch="false" hits="1" number="3040"/>
                        <line branch="false" hits="1" number="3041"/>
                        <line branch="false" hits="1" number="3042"/>
                        <line branch="false" hits="1" number="3045"/>
                        <line branch="false" hits="1" number="3046"/>
                        <line branch="false" hits="1" number="3047"/>
                        <line branch="false" hits="1" number="3048"/>
                        <line branch="false" hits="1" number="3051"/>
                        <line branch="false" hits="1" number="3052"/>
                        <line branch="false" hits="1" number="3053"/>
                        <line branch="false" hits="1" number="3056"/>
                        <line branch="false" hits="1" number="3057"/>
                        <line branch="false" hits="1" number="3058"/>
                        <line branch="false" hits="1" number="3061"/>
                        <line branch="false" hits="1" number="3063"/>
                        <line branch="false" hits="1" number="3064"/>
                        <line branch="false" hits="1" number="3067"/>
                        <line branch="false" hits="1" number="3068"/>
                        <line branch="false" hits="1" number="3069"/>
                        <line branch="false" hits="1" number="3074"/>
                        <line branch="false" hits="1" number="3076"/>
                        <line branch="false" hits="1" number="3078"/>
                        <line branch="false" hits="40" number="3079"/>
                        <line branch="false" hits="1" number="3080"/>
                        <line branch="false" hits="1" number="3083"/>
                        <line branch="false" hits="1" number="3085"/>
                        <line branch="false" hits="1" number="3089"/>
                        <line branch="false" hits="1" number="3090"/>
                        <line branch="false" hits="1" number="3093"/>
                        <line branch="false" hits="1" number="3095"/>
                        <line branch="false" hits="1" number="3097"/>
                        <line branch="false" hits="1" number="3100"/>
                        <line branch="false" hits="0" number="3101"/>
                        <line branch="false" hits="1" number="3102"/>
                        <line branch="false" hits="1" number="3105"/>
                        <line branch="false" hits="1" number="3107"/>
                        <line branch="false" hits="1" number="3108"/>
                        <line branch="false" hits="1" number="3111"/>
                        <line branch="false" hits="1" number="3113"/>
                        <line branch="false" hits="1" number="3114"/>
                        <line branch="false" hits="1" number="3115"/>
                        <line branch="false" hits="1" number="3116"/>
                        <line branch="false" hits="1" number="3117"/>
                        <line branch="false" hits="1" number="3120"/>
                        <line branch="false" hits="1" number="3122"/>
                        <line branch="false" hits="1" number="3123"/>
                        <line branch="false" hits="1" number="3124"/>
                        <line branch="false" hits="1" number="3125"/>
                        <line branch="false" hits="1" number="3130"/>
                        <line branch="false" hits="1" number="3132"/>
                        <line branch="false" hits="1" number="3133"/>
                        <line branch="false" hits="1" number="3134"/>
                        <line branch="false" hits="1" number="3135"/>
                        <line branch="false" hits="1" number="3136"/>
                        <line branch="false" hits="1" number="3137"/>
                        <line branch="false" hits="1" number="3140"/>
                        <line branch="false" hits="1" number="3142"/>
                        <line branch="false" hits="1" number="3143"/>
                        <line branch="false" hits="1" number="3144"/>
                        <line branch="false" hits="1" number="3145"/>
                        <line branch="false" hits="1" number="3148"/>
                        <line branch="false" hits="1" number="3150"/>
                        <line branch="false" hits="1" number="3151"/>
                        <line branch="false" hits="1" number="3152"/>
                        <line branch="false" hits="1" number="3153"/>
                        <line branch="false" hits="1" number="3154"/>
                        <line branch="false" hits="1" number="3159"/>
                        <line branch="false" hits="1" number="3162"/>
                        <line branch="false" hits="1" number="3163"/>
                        <line branch="false" hits="1" number="3164"/>
                        <line branch="false" hits="1" number="3165"/>
                        <line branch="false" hits="1" number="3166"/>
                        <line branch="false" hits="1" number="3169"/>
                        <line branch="false" hits="1" number="3171"/>
                        <line branch="false" hits="1" number="3172"/>
                        <line branch="false" hits="1" number="3173"/>
                        <line branch="false" hits="1" number="3174"/>
                        <line branch="false" hits="1" number="3175"/>
                        <line branch="false" hits="1" number="3178"/>
                        <line branch="false" hits="1" number="3180"/>
                        <line branch="false" hits="1" number="3181"/>
                        <line branch="false" hits="1" number="3182"/>
                        <line branch="false" hits="1" number="3183"/>
                        <line branch="false" hits="1" number="3184"/>
                        <line branch="false" hits="1" number="3187"/>
                        <line branch="false" hits="1" number="3189"/>
                        <line branch="false" hits="1" number="3190"/>
                        <line branch="false" hits="1" number="3191"/>
                        <line branch="false" hits="1" number="3192"/>
                        <line branch="false" hits="1" number="3193"/>
                        <line branch="false" hits="1" number="3196"/>
                        <line branch="false" hits="1" number="3198"/>
                        <line branch="false" hits="1" number="3199"/>
                        <line branch="false" hits="1" number="3200"/>
                        <line branch="false" hits="1" number="3201"/>
                        <line branch="false" hits="1" number="3202"/>
                        <line branch="false" hits="1" number="3205"/>
                        <line branch="false" hits="1" number="3207"/>
                        <line branch="false" hits="1" number="3208"/>
                        <line branch="false" hits="1" number="3210"/>
                        <line branch="false" hits="1" number="3211"/>
                        <line branch="false" hits="1" number="3214"/>
                        <line branch="false" hits="1" number="3216"/>
                        <line branch="false" hits="1" number="3217"/>
                        <line branch="false" hits="1" number="3218"/>
                        <line branch="false" hits="1" number="3219"/>
                        <line branch="false" hits="1" number="3220"/>
                        <line branch="false" hits="1" number="3223"/>
                        <line branch="false" hits="1" number="3225"/>
                        <line branch="false" hits="1" number="3226"/>
                        <line branch="false" hits="1" number="3227"/>
                        <line branch="false" hits="1" number="3228"/>
                        <line branch="false" hits="1" number="3229"/>
                        <line branch="false" hits="1" number="3234"/>
                        <line branch="false" hits="1" number="3236"/>
                        <line branch="false" hits="1" number="3237"/>
                        <line branch="false" hits="1" number="3238"/>
                        <line branch="false" hits="1" number="3239"/>
                        <line branch="false" hits="1" number="3240"/>
                        <line branch="false" hits="1" number="3241"/>
                        <line branch="false" hits="1" number="3244"/>
                        <line branch="false" hits="1" number="3246"/>
                        <line branch="false" hits="1" number="3247"/>
                        <line branch="false" hits="1" number="3248"/>
                        <line branch="false" hits="1" number="3251"/>
                        <line branch="false" hits="1" number="3253"/>
                        <line branch="false" hits="1" number="3254"/>
                        <line branch="false" hits="1" number="3255"/>
                        <line branch="false" hits="1" number="3258"/>
                        <line branch="false" hits="1" number="3260"/>
                        <line branch="false" hits="1" number="3263"/>
                        <line branch="false" hits="1" number="3264"/>
                        <line branch="false" hits="1" number="3267"/>
                        <line branch="false" hits="1" number="3269"/>
                        <line branch="false" hits="1" number="3272"/>
                        <line branch="false" hits="1" number="3273"/>
                        <line branch="false" hits="1" number="3276"/>
                        <line branch="false" hits="1" number="3278"/>
                        <line branch="false" hits="1" number="3281"/>
                        <line branch="false" hits="1" number="3282"/>
                        <line branch="false" hits="1" number="3285"/>
                        <line branch="false" hits="1" number="3287"/>
                        <line branch="false" hits="1" number="3290"/>
                        <line branch="false" hits="1" number="3291"/>
                        <line branch="false" hits="1" number="3294"/>
                        <line branch="false" hits="1" number="3296"/>
                        <line branch="false" hits="1" number="3297"/>
                        <line branch="false" hits="1" number="3299"/>
                        <line branch="false" hits="1" number="3300"/>
                        <line branch="false" hits="1" number="3303"/>
                        <line branch="false" hits="1" number="3305"/>
                        <line branch="false" hits="1" number="3307"/>
                        <line branch="false" hits="1" number="3308"/>
                        <line branch="false" hits="1" number="3311"/>
                        <line branch="false" hits="1" number="3313"/>
                        <line branch="false" hits="1" number="3315"/>
                        <line branch="false" hits="1" number="3316"/>
                        <line branch="false" hits="1" number="3319"/>
                        <line branch="false" hits="1" number="3321"/>
                        <line branch="false" hits="1" number="3322"/>
                        <line branch="false" hits="1" number="3323"/>
                        <line branch="false" hits="1" number="3326"/>
                        <line branch="false" hits="1" number="3328"/>
                        <line branch="false" hits="1" number="3329"/>
                        <line branch="false" hits="1" number="3333"/>
                        <line branch="false" hits="1" number="3335"/>
                        <line branch="false" hits="1" number="3336"/>
                        <line branch="false" hits="1" number="3338"/>
                        <line branch="false" hits="1" number="3339"/>
                        <line branch="false" hits="1" number="3340"/>
                        <line branch="false" hits="1" number="3342"/>
                        <line branch="false" hits="1" number="3343"/>
                        <line branch="false" hits="1" number="3346"/>
                        <line branch="false" hits="1" number="3348"/>
                        <line branch="false" hits="1" number="3349"/>
                        <line branch="false" hits="1" number="3352"/>
                        <line branch="false" hits="1" number="3354"/>
                        <line branch="false" hits="1" number="3356"/>
                        <line branch="false" hits="1" number="3358"/>
                        <line branch="false" hits="1" number="3361"/>
                        <line branch="false" hits="1" number="3362"/>
                        <line branch="false" hits="1" number="3363"/>
                        <line branch="false" hits="1" number="3366"/>
                        <line branch="false" hits="1" number="3368"/>
                        <line branch="false" hits="1" number="3369"/>
                        <line branch="false" hits="1" number="3370"/>
                        <line branch="false" hits="1" number="3372"/>
                        <line branch="false" hits="1" number="3373"/>
                        <line branch="false" hits="1" number="3374"/>
                        <line branch="false" hits="1" number="3375"/>
                        <line branch="false" hits="1" number="3376"/>
                        <line branch="false" hits="1" number="3379"/>
                        <line branch="false" hits="1" number="3381"/>
                        <line branch="false" hits="1" number="3382"/>
                        <line branch="false" hits="1" number="3383"/>
                        <line branch="false" hits="1" number="3385"/>
                        <line branch="false" hits="1" number="3386"/>
                        <line branch="false" hits="1" number="3387"/>
                        <line branch="false" hits="1" number="3388"/>
                        <line branch="false" hits="1" number="3389"/>
                        <line branch="false" hits="1" number="3393"/>
                        <line branch="false" hits="1" number="3394"/>
                        <line branch="false" hits="1" number="3395"/>
                        <line branch="false" hits="1" number="3398"/>
                        <line branch="false" hits="1" number="3399"/>
                        <line branch="false" hits="1" number="3400"/>
                        <line branch="false" hits="1" number="3403"/>
                        <line branch="false" hits="1" number="3404"/>
                        <line branch="false" hits="1" number="3405"/>
                        <line branch="false" hits="1" number="3409"/>
                        <line branch="false" hits="1" number="3411"/>
                        <line branch="false" hits="1" number="3412"/>
                        <line branch="false" hits="1" number="3415"/>
                        <line branch="false" hits="1" number="3417"/>
                        <line branch="false" hits="1" number="3418"/>
                        <line branch="false" hits="1" number="3421"/>
                        <line branch="false" hits="1" number="3423"/>
                        <line branch="false" hits="1" number="3424"/>
                        <line branch="false" hits="1" number="3428"/>
                        <line branch="false" hits="1" number="3429"/>
                        <line branch="false" hits="1" number="3430"/>
                        <line branch="false" hits="1" number="3431"/>
                        <line branch="false" hits="1" number="3434"/>
                        <line branch="false" hits="1" number="3435"/>
                        <line branch="false" hits="1" number="3436"/>
                        <line branch="false" hits="1" number="3437"/>
                        <line branch="false" hits="1" number="3440"/>
                        <line branch="false" hits="1" number="3441"/>
                        <line branch="false" hits="1" number="3442"/>
                        <line branch="false" hits="1" number="3443"/>
                        <line branch="false" hits="1" number="3446"/>
                        <line branch="false" hits="1" number="3447"/>
                        <line branch="false" hits="1" number="3448"/>
                        <line branch="false" hits="1" number="3449"/>
                        <line branch="false" hits="1" number="3452"/>
                        <line branch="false" hits="1" number="3453"/>
                        <line branch="false" hits="1" number="3454"/>
                        <line branch="false" hits="1" number="3455"/>
                        <line branch="false" hits="1" number="3456"/>
                        <line branch="false" hits="1" number="3457"/>
                        <line branch="false" hits="1" number="3458"/>
                        <line branch="false" hits="1" number="3459"/>
                        <line branch="false" hits="1" number="3462"/>
                        <line branch="false" hits="1" number="3463"/>
                        <line branch="false" hits="1" number="3464"/>
                        <line branch="false" hits="1" number="3465"/>
                        <line branch="false" hits="1" number="3466"/>
                        <line branch="false" hits="1" number="3467"/>
                        <line branch="false" hits="1" number="3468"/>
                        <line branch="false" hits="1" number="3469"/>
                        <line branch="false" hits="1" number="3470"/>
                        <line branch="false" hits="1" number="3471"/>
                        <line branch="false" hits="1" number="3472"/>
                        <line branch="false" hits="82" number="3476"/>
                        <line branch="false" hits="164" number="3477"/>
                        <line branch="false" hits="82" number="3478"/>
                    </lines>
                </class>
            </classes>
        </package>
    </packages>
</coverage>