SF:/Users/sikashep/pi-autoresearch/src/main.rs
FN:1297,_RNCNCNCNvCsgka7P1uevD1_15pi_autoresearch25calculate_runtime_seconds000B7_
FN:2265,_RNCNCNCNvCsgka7P1uevD1_15pi_autoresearch3run0s4_00B7_
FN:2450,_RNCNCNCNvCsgka7P1uevD1_15pi_autoresearch3run0sb_00B7_
FN:1294,_RNCNCNvCsgka7P1uevD1_15pi_autoresearch25calculate_runtime_seconds00B5_
FN:1181,_RNCNCNvCsgka7P1uevD1_15pi_autoresearch27calculate_final_improvements0_00B5_
FN:2218,_RNCNCNvCsgka7P1uevD1_15pi_autoresearch3run0s0_0B5_
FN:2265,_RNCNCNvCsgka7P1uevD1_15pi_autoresearch3run0s4_0B5_
FN:2319,_RNCNCNvCsgka7P1uevD1_15pi_autoresearch3run0s5_0B5_
FN:2320,_RNCNCNvCsgka7P1uevD1_15pi_autoresearch3run0s6_0B5_
FN:2402,_RNCNCNvCsgka7P1uevD1_15pi_autoresearch3run0s7_0B5_
FN:2428,_RNCNCNvCsgka7P1uevD1_15pi_autoresearch3run0s8_0B5_
FN:2450,_RNCNCNvCsgka7P1uevD1_15pi_autoresearch3run0sb_0B5_
FN:2469,_RNCNCNvCsgka7P1uevD1_15pi_autoresearch3run0sc_0B5_
FN:1615,_RNCNCNvMs3_Csgka7P1uevD1_15pi_autoresearchNtB9_16BeadsIntegration22create_experiment_bead00B9_
FN:374,_RNCNvCsgka7P1uevD1_15pi_autoresearch10get_metric0B3_
FN:375,_RNCNvCsgka7P1uevD1_15pi_autoresearch10get_metrics_0B3_
FN:381,_RNCNvCsgka7P1uevD1_15pi_autoresearch11get_measure0B3_
FN:382,_RNCNvCsgka7P1uevD1_15pi_autoresearch11get_measures_0B3_
FN:343,_RNCNvCsgka7P1uevD1_15pi_autoresearch11load_config0B3_
FN:361,_RNCNvCsgka7P1uevD1_15pi_autoresearch11load_configs0_0B3_
FN:364,_RNCNvCsgka7P1uevD1_15pi_autoresearch11load_configs1_0B3_
FN:358,_RNCNvCsgka7P1uevD1_15pi_autoresearch11load_configs_0B3_
FN:223,_RNCNvCsgka7P1uevD1_15pi_autoresearch12init_logging0B3_
FN:1871,_RNCNvCsgka7P1uevD1_15pi_autoresearch12list_historys0_0B3_
FN:302,_RNCNvCsgka7P1uevD1_15pi_autoresearch15validate_config0B3_
FN:1374,_RNCNvCsgka7P1uevD1_15pi_autoresearch17does_branch_exist0B3_
FN:1431,_RNCNvCsgka7P1uevD1_15pi_autoresearch17has_remote_origin0B3_
FN:1789,_RNCNvCsgka7P1uevD1_15pi_autoresearch17read_session_file0B3_
FN:949,_RNCNvCsgka7P1uevD1_15pi_autoresearch18run_iterative_loop0B3_
FN:1052,_RNCNvCsgka7P1uevD1_15pi_autoresearch18run_iterative_loops0_0B3_
FN:1051,_RNCNvCsgka7P1uevD1_15pi_autoresearch18run_iterative_loops_0B3_
FN:1904,_RNCNvCsgka7P1uevD1_15pi_autoresearch19compare_experiments0B3_
FN:1905,_RNCNvCsgka7P1uevD1_15pi_autoresearch19compare_experimentss_0B3_
FN:627,_RNCNvCsgka7P1uevD1_15pi_autoresearch19execute_measurement0B3_
FN:1200,_RNCNvCsgka7P1uevD1_15pi_autoresearch19extract_key_changes0B3_
FN:1546,_RNCNvCsgka7P1uevD1_15pi_autoresearch21create_failure_result0B3_
FN:664,_RNCNvCsgka7P1uevD1_15pi_autoresearch21parse_branch_age_days0B3_
FN:665,_RNCNvCsgka7P1uevD1_15pi_autoresearch21parse_branch_age_dayss_0B3_
FN:1293,_RNCNvCsgka7P1uevD1_15pi_autoresearch25calculate_runtime_seconds0B3_
FN:1834,_RNCNvCsgka7P1uevD1_15pi_autoresearch26list_autoresearch_branches0B3_
FN:1835,_RNCNvCsgka7P1uevD1_15pi_autoresearch26list_autoresearch_branchess_0B3_
FN:1181,_RNCNvCsgka7P1uevD1_15pi_autoresearch27calculate_final_improvements0_0B3_
FN:1931,_RNCNvCsgka7P1uevD1_15pi_autoresearch29display_experiment_comparisons0_0B3_
FN:1937,_RNCNvCsgka7P1uevD1_15pi_autoresearch29display_experiment_comparisons3_0B3_
FN:2134,_RNCNvCsgka7P1uevD1_15pi_autoresearch3run0B3_
FN:3476,_RNCNvCsgka7P1uevD1_15pi_autoresearch4main0B3_
FN:1614,_RNCNvMs3_Csgka7P1uevD1_15pi_autoresearchNtB7_16BeadsIntegration22create_experiment_bead0B7_
FN:372,_RNvCsgka7P1uevD1_15pi_autoresearch10get_metric
FN:379,_RNvCsgka7P1uevD1_15pi_autoresearch11get_measure
FN:338,_RNvCsgka7P1uevD1_15pi_autoresearch11load_config
FN:1436,_RNvCsgka7P1uevD1_15pi_autoresearch11push_branch
FN:386,_RNvCsgka7P1uevD1_15pi_autoresearch12get_baseline
FN:212,_RNvCsgka7P1uevD1_15pi_autoresearch12init_logging
FN:817,_RNvCsgka7P1uevD1_15pi_autoresearch12keep_changes
FN:1848,_RNvCsgka7P1uevD1_15pi_autoresearch12list_history
FN:2015,_RNvCsgka7P1uevD1_15pi_autoresearch12truncate_str
FN:821,_RNvCsgka7P1uevD1_15pi_autoresearch13log_iteration
FN:846,_RNvCsgka7P1uevD1_15pi_autoresearch13run_iteration
FN:837,_RNvCsgka7P1uevD1_15pi_autoresearch13uuid_generate
FN:1413,_RNvCsgka7P1uevD1_15pi_autoresearch14commit_changes
FN:813,_RNvCsgka7P1uevD1_15pi_autoresearch14revert_changes
FN:1450,_RNvCsgka7P1uevD1_15pi_autoresearch15checkout_branch
FN:2002,_RNvCsgka7P1uevD1_15pi_autoresearch15format_duration
FN:560,_RNvCsgka7P1uevD1_15pi_autoresearch15generate_design
FN:444,_RNvCsgka7P1uevD1_15pi_autoresearch15get_stall_limit
FN:799,_RNvCsgka7P1uevD1_15pi_autoresearch15invoke_pi_agent
FN:240,_RNvCsgka7P1uevD1_15pi_autoresearch15validate_config
FN:691,_RNvCsgka7P1uevD1_15pi_autoresearch15verify_baseline
FN:408,_RNvCsgka7P1uevD1_15pi_autoresearch16get_max_variance
FN:414,_RNvCsgka7P1uevD1_15pi_autoresearch16get_session_file
FN:1368,_RNvCsgka7P1uevD1_15pi_autoresearch17does_branch_exist
FN:683,_RNvCsgka7P1uevD1_15pi_autoresearch17format_branch_age
FN:419,_RNvCsgka7P1uevD1_15pi_autoresearch17get_beads_enabled
FN:437,_RNvCsgka7P1uevD1_15pi_autoresearch17get_total_timeout
FN:1427,_RNvCsgka7P1uevD1_15pi_autoresearch17has_remote_origin
FN:1718,_RNvCsgka7P1uevD1_15pi_autoresearch17read_session_file
FN:1399,_RNvCsgka7P1uevD1_15pi_autoresearch17stage_all_changes
FN:2075,_RNvCsgka7P1uevD1_15pi_autoresearch18find_session_by_id
FN:1354,_RNvCsgka7P1uevD1_15pi_autoresearch18get_current_branch
FN:400,_RNvCsgka7P1uevD1_15pi_autoresearch18get_max_iterations
FN:899,_RNvCsgka7P1uevD1_15pi_autoresearch18run_iterative_loop
FN:1893,_RNvCsgka7P1uevD1_15pi_autoresearch19compare_experiments
FN:607,_RNvCsgka7P1uevD1_15pi_autoresearch19execute_measurement
FN:1192,_RNvCsgka7P1uevD1_15pi_autoresearch19extract_key_changes
FN:1464,_RNvCsgka7P1uevD1_15pi_autoresearch19finalize_experiment
FN:639,_RNvCsgka7P1uevD1_15pi_autoresearch19get_git_commit_hash
FN:1304,_RNvCsgka7P1uevD1_15pi_autoresearch20generate_branch_name
FN:2089,_RNvCsgka7P1uevD1_15pi_autoresearch20print_failure_report
FN:779,_RNvCsgka7P1uevD1_15pi_autoresearch20save_to_session_file
FN:1525,_RNvCsgka7P1uevD1_15pi_autoresearch21create_failure_result
FN:430,_RNvCsgka7P1uevD1_15pi_autoresearch21get_iteration_timeout
FN:309,_RNvCsgka7P1uevD1_15pi_autoresearch21is_valid_session_path
FN:654,_RNvCsgka7P1uevD1_15pi_autoresearch21parse_branch_age_days
FN:1311,_RNvCsgka7P1uevD1_15pi_autoresearch22execute_git_operations
FN:1226,_RNvCsgka7P1uevD1_15pi_autoresearch22extract_change_summary
FN:458,_RNvCsgka7P1uevD1_15pi_autoresearch22get_convergence_window
FN:393,_RNvCsgka7P1uevD1_15pi_autoresearch22get_target_improvement
FN:808,_RNvCsgka7P1uevD1_15pi_autoresearch23apply_changes_in_branch
FN:1240,_RNvCsgka7P1uevD1_15pi_autoresearch23generate_commit_message
FN:592,_RNvCsgka7P1uevD1_15pi_autoresearch24read_question_from_stdin
FN:1289,_RNvCsgka7P1uevD1_15pi_autoresearch25calculate_runtime_seconds
FN:1989,_RNvCsgka7P1uevD1_15pi_autoresearch25calculate_session_runtime
FN:1379,_RNvCsgka7P1uevD1_15pi_autoresearch25create_or_checkout_branch
FN:451,_RNvCsgka7P1uevD1_15pi_autoresearch25get_convergence_threshold
FN:1823,_RNvCsgka7P1uevD1_15pi_autoresearch26list_autoresearch_branches
FN:1173,_RNvCsgka7P1uevD1_15pi_autoresearch27calculate_final_improvement
FN:2023,_RNvCsgka7P1uevD1_15pi_autoresearch29cleanup_autoresearch_branches
FN:1925,_RNvCsgka7P1uevD1_15pi_autoresearch29display_experiment_comparison
FN:1106,_RNvCsgka7P1uevD1_15pi_autoresearch32generate_failure_recommendations
FN:2134,_RNvCsgka7P1uevD1_15pi_autoresearch3run
FN:3476,_RNvCsgka7P1uevD1_15pi_autoresearch4main
FN:1653,_RNvMs3_Csgka7P1uevD1_15pi_autoresearchNtB5_16BeadsIntegration10close_bead
FN:1624,_RNvMs3_Csgka7P1uevD1_15pi_autoresearchNtB5_16BeadsIntegration20update_bead_progress
FN:1577,_RNvMs3_Csgka7P1uevD1_15pi_autoresearchNtB5_16BeadsIntegration22create_experiment_bead
FN:1570,_RNvMs3_Csgka7P1uevD1_15pi_autoresearchNtB5_16BeadsIntegration3new
FN:178,_RNvXCsgka7P1uevD1_15pi_autoresearchNtB2_21ConfigValidationErrorNtNtCskpTlHb4dJmc_4core3fmt7Display3fmt
FN:541,_RNvXs0_Csgka7P1uevD1_15pi_autoresearchNtB5_11StuckReasonNtNtCskpTlHb4dJmc_4core3fmt7Display3fmt
FN:553,_RNvXs1_Csgka7P1uevD1_15pi_autoresearchNtB5_13BaselineErrorNtNtCskpTlHb4dJmc_4core3fmt7Display3fmt
FN:3027,_RNCNvNtCs7p347oDCBEl_15pi_autoresearch5testss_25test_uuid_generate_format0B5_
FN:3079,_RNCNvNtCs7p347oDCBEl_15pi_autoresearch5testss_31test_get_git_commit_hash_format0B5_
FN:3061,_RNvNtCs7p347oDCBEl_15pi_autoresearch5testss_22test_truncate_str_long
FN:2552,_RNvNtCs7p347oDCBEl_15pi_autoresearch5testss_23test_get_metric_default
FN:3067,_RNvNtCs7p347oDCBEl_15pi_autoresearch5testss_23test_truncate_str_empty
FN:3056,_RNvNtCs7p347oDCBEl_15pi_autoresearch5testss_23test_truncate_str_exact
FN:3051,_RNvNtCs7p347oDCBEl_15pi_autoresearch5testss_23test_truncate_str_short
FN:3452,_RNvNtCs7p347oDCBEl_15pi_autoresearch5testss_24test_get_measure_default
FN:3024,_RNvNtCs7p347oDCBEl_15pi_autoresearch5testss_25test_uuid_generate_format
FN:3013,_RNvNtCs7p347oDCBEl_15pi_autoresearch5testss_25test_uuid_generate_unique
FN:3045,_RNvNtCs7p347oDCBEl_15pi_autoresearch5testss_26test_format_duration_hours
FN:3251,_RNvNtCs7p347oDCBEl_15pi_autoresearch5testss_26test_keep_changes_no_panic
FN:2805,_RNvNtCs7p347oDCBEl_15pi_autoresearch5testss_26test_validate_config_valid
FN:3002,_RNvNtCs7p347oDCBEl_15pi_autoresearch5testss_27test_format_branch_age_days
FN:3130,_RNvNtCs7p347oDCBEl_15pi_autoresearch5testss_27test_invoke_pi_agent_format
FN:3346,_RNvNtCs7p347oDCBEl_15pi_autoresearch5testss_27test_load_config_read_error
FN:3294,_RNvNtCs7p347oDCBEl_15pi_autoresearch5testss_28test_checkout_branch_current
FN:2992,_RNvNtCs7p347oDCBEl_15pi_autoresearch5testss_28test_format_branch_age_today
FN:3038,_RNvNtCs7p347oDCBEl_15pi_autoresearch5testss_28test_format_duration_minutes
FN:3031,_RNvNtCs7p347oDCBEl_15pi_autoresearch5testss_28test_format_duration_seconds
FN:2529,_RNvNtCs7p347oDCBEl_15pi_autoresearch5testss_28test_get_metric_cli_provided
FN:3285,_RNvNtCs7p347oDCBEl_15pi_autoresearch5testss_28test_push_branch_nonexistent
FN:3244,_RNvNtCs7p347oDCBEl_15pi_autoresearch5testss_28test_revert_changes_no_panic
FN:2575,_RNvNtCs7p347oDCBEl_15pi_autoresearch5testss_29test_get_measure_cli_provided
FN:3398,_RNvNtCs7p347oDCBEl_15pi_autoresearch5testss_30test_format_branch_age_one_day
FN:2598,_RNvNtCs7p347oDCBEl_15pi_autoresearch5testss_30test_get_baseline_cli_provided
FN:3008,_RNvNtCs7p347oDCBEl_15pi_autoresearch5testss_31test_format_branch_age_negative
FN:2669,_RNvNtCs7p347oDCBEl_15pi_autoresearch5testss_31test_get_beads_enabled_cli_true
FN:3074,_RNvNtCs7p347oDCBEl_15pi_autoresearch5testss_31test_get_git_commit_hash_format
FN:2539,_RNvNtCs7p347oDCBEl_15pi_autoresearch5testss_31test_get_metric_config_provided
FN:3276,_RNvNtCs7p347oDCBEl_15pi_autoresearch5testss_32test_commit_changes_with_message
FN:2997,_RNvNtCs7p347oDCBEl_15pi_autoresearch5testss_32test_format_branch_age_yesterday
FN:3393,_RNvNtCs7p347oDCBEl_15pi_autoresearch5testss_32test_format_branch_age_zero_days
FN:3111,_RNvNtCs7p347oDCBEl_15pi_autoresearch5testss_32test_generate_branch_name_format
FN:3120,_RNvNtCs7p347oDCBEl_15pi_autoresearch5testss_32test_generate_branch_name_unique
FN:2641,_RNvNtCs7p347oDCBEl_15pi_autoresearch5testss_32test_get_max_variance_always_cli
FN:2585,_RNvNtCs7p347oDCBEl_15pi_autoresearch5testss_32test_get_measure_config_provided
FN:2655,_RNvNtCs7p347oDCBEl_15pi_autoresearch5testss_32test_get_session_file_always_cli
FN:3148,_RNvNtCs7p347oDCBEl_15pi_autoresearch5testss_32test_invoke_pi_agent_long_inputs
FN:2608,_RNvNtCs7p347oDCBEl_15pi_autoresearch5testss_33test_get_baseline_config_provided
FN:3083,_RNvNtCs7p347oDCBEl_15pi_autoresearch5testss_33test_get_current_branch_not_empty
FN:2722,_RNvNtCs7p347oDCBEl_15pi_autoresearch5testss_33test_get_stall_limit_cli_provided
FN:3140,_RNvNtCs7p347oDCBEl_15pi_autoresearch5testss_33test_invoke_pi_agent_empty_inputs
FN:3333,_RNvNtCs7p347oDCBEl_15pi_autoresearch5testss_33test_load_config_home_env_not_set
FN:3105,_RNvNtCs7p347oDCBEl_15pi_autoresearch5testss_34test_does_branch_exist_nonexistent
FN:2679,_RNvNtCs7p347oDCBEl_15pi_autoresearch5testss_34test_get_beads_enabled_config_true
FN:3267,_RNvNtCs7p347oDCBEl_15pi_autoresearch5testss_34test_stage_all_changes_in_git_repo
FN:3403,_RNvNtCs7p347oDCBEl_15pi_autoresearch5testss_35test_format_branch_age_large_number
FN:3462,_RNvNtCs7p347oDCBEl_15pi_autoresearch5testss_35test_get_beads_enabled_config_false
FN:2712,_RNvNtCs7p347oDCBEl_15pi_autoresearch5testss_35test_get_total_timeout_cli_provided
FN:2961,_RNvNtCs7p347oDCBEl_15pi_autoresearch5testss_35test_is_valid_session_path_writable
FN:2752,_RNvNtCs7p347oDCBEl_15pi_autoresearch5testss_36test_config_precedence_all_functions
FN:2692,_RNvNtCs7p347oDCBEl_15pi_autoresearch5testss_36test_get_beads_enabled_default_false
FN:2631,_RNvNtCs7p347oDCBEl_15pi_autoresearch5testss_36test_get_max_iterations_cli_provided
FN:2562,_RNvNtCs7p347oDCBEl_15pi_autoresearch5testss_36test_get_metric_cli_overrides_config
FN:3415,_RNvNtCs7p347oDCBEl_15pi_autoresearch5testss_36test_is_valid_session_path_valid_dir
FN:2944,_RNvNtCs7p347oDCBEl_15pi_autoresearch5testss_36test_validate_config_multiple_errors
FN:3093,_RNvNtCs7p347oDCBEl_15pi_autoresearch5testss_37test_does_branch_exist_current_branch
FN:2970,_RNvNtCs7p347oDCBEl_15pi_autoresearch5testss_37test_is_valid_session_path_unwritable
FN:3366,_RNvNtCs7p347oDCBEl_15pi_autoresearch5testss_37test_load_config_parse_error_explicit
FN:3446,_RNvNtCs7p347oDCBEl_15pi_autoresearch5testss_37test_stuck_reason_display_convergence
FN:3434,_RNvNtCs7p347oDCBEl_15pi_autoresearch5testss_37test_stuck_reason_display_stall_limit
FN:2898,_RNvNtCs7p347oDCBEl_15pi_autoresearch5testss_37test_validate_config_stall_limit_zero
FN:3187,_RNvNtCs7p347oDCBEl_15pi_autoresearch5testss_38test_execute_measurement_empty_command
FN:3159,_RNvNtCs7p347oDCBEl_15pi_autoresearch5testss_38test_execute_measurement_valid_command
FN:3409,_RNvNtCs7p347oDCBEl_15pi_autoresearch5testss_38test_is_valid_session_path_current_dir
FN:2978,_RNvNtCs7p347oDCBEl_15pi_autoresearch5testss_38test_parse_branch_age_days_nonexistent
FN:3169,_RNvNtCs7p347oDCBEl_15pi_autoresearch5testss_39test_execute_measurement_integer_output
FN:3196,_RNvNtCs7p347oDCBEl_15pi_autoresearch5testss_39test_execute_measurement_invalid_output
FN:2702,_RNvNtCs7p347oDCBEl_15pi_autoresearch5testss_39test_get_iteration_timeout_cli_provided
FN:3440,_RNvNtCs7p347oDCBEl_15pi_autoresearch5testss_39test_stuck_reason_display_total_timeout
FN:2887,_RNvNtCs7p347oDCBEl_15pi_autoresearch5testss_39test_validate_config_total_timeout_zero
FN:3178,_RNvNtCs7p347oDCBEl_15pi_autoresearch5testss_40test_execute_measurement_negative_output
FN:2742,_RNvNtCs7p347oDCBEl_15pi_autoresearch5testss_40test_get_convergence_window_cli_provided
FN:2621,_RNvNtCs7p347oDCBEl_15pi_autoresearch5testss_40test_get_target_improvement_cli_provided
FN:3303,_RNvNtCs7p347oDCBEl_15pi_autoresearch5testss_40test_list_autoresearch_branches_no_panic
FN:3379,_RNvNtCs7p347oDCBEl_15pi_autoresearch5testss_40test_load_config_validate_error_explicit
FN:2865,_RNvNtCs7p347oDCBEl_15pi_autoresearch5testss_40test_validate_config_max_iterations_zero
FN:2985,_RNvNtCs7p347oDCBEl_15pi_autoresearch5testss_41test_parse_branch_age_days_invalid_format
FN:2821,_RNvNtCs7p347oDCBEl_15pi_autoresearch5testss_41test_validate_config_max_variance_too_low
FN:3258,_RNvNtCs7p347oDCBEl_15pi_autoresearch5testss_42test_create_or_checkout_branch_nonexistent
FN:3205,_RNvNtCs7p347oDCBEl_15pi_autoresearch5testss_42test_execute_measurement_command_not_found
FN:3421,_RNvNtCs7p347oDCBEl_15pi_autoresearch5testss_42test_is_valid_session_path_nonexistent_dir
FN:2832,_RNvNtCs7p347oDCBEl_15pi_autoresearch5testss_42test_validate_config_max_variance_too_high
FN:3234,_RNvNtCs7p347oDCBEl_15pi_autoresearch5testss_43test_apply_changes_in_branch_returns_string
FN:3311,_RNvNtCs7p347oDCBEl_15pi_autoresearch5testss_43test_cleanup_autoresearch_branches_no_panic
FN:2732,_RNvNtCs7p347oDCBEl_15pi_autoresearch5testss_43test_get_convergence_threshold_cli_provided
FN:3428,_RNvNtCs7p347oDCBEl_15pi_autoresearch5testss_43test_stuck_reason_display_iteration_timeout
FN:2876,_RNvNtCs7p347oDCBEl_15pi_autoresearch5testss_43test_validate_config_iteration_timeout_zero
FN:3223,_RNvNtCs7p347oDCBEl_15pi_autoresearch5testss_44test_execute_measurement_scientific_notation
FN:3214,_RNvNtCs7p347oDCBEl_15pi_autoresearch5testss_44test_execute_measurement_whitespace_handling
FN:2909,_RNvNtCs7p347oDCBEl_15pi_autoresearch5testss_44test_validate_config_convergence_window_zero
FN:2843,_RNvNtCs7p347oDCBEl_15pi_autoresearch5testss_44test_validate_config_target_improvement_zero
FN:3319,_RNvNtCs7p347oDCBEl_15pi_autoresearch5testss_46test_execute_git_operations_nonexistent_branch
FN:2920,_RNvNtCs7p347oDCBEl_15pi_autoresearch5testss_46test_validate_config_session_file_invalid_path
FN:2854,_RNvNtCs7p347oDCBEl_15pi_autoresearch5testss_48test_validate_config_target_improvement_negative
FN:2931,_RNvNtCs7p347oDCBEl_15pi_autoresearch5testss_49test_validate_config_session_file_valid_temp_path
FN:374,_RNCNvCs7p347oDCBEl_15pi_autoresearch10get_metric0B3_
FN:375,_RNCNvCs7p347oDCBEl_15pi_autoresearch10get_metrics_0B3_
FN:381,_RNCNvCs7p347oDCBEl_15pi_autoresearch11get_measure0B3_
FN:382,_RNCNvCs7p347oDCBEl_15pi_autoresearch11get_measures_0B3_
FN:343,_RNCNvCs7p347oDCBEl_15pi_autoresearch11load_config0B3_
FN:361,_RNCNvCs7p347oDCBEl_15pi_autoresearch11load_configs0_0B3_
FN:364,_RNCNvCs7p347oDCBEl_15pi_autoresearch11load_configs1_0B3_
FN:358,_RNCNvCs7p347oDCBEl_15pi_autoresearch11load_configs_0B3_
FN:302,_RNCNvCs7p347oDCBEl_15pi_autoresearch15validate_config0B3_
FN:1374,_RNCNvCs7p347oDCBEl_15pi_autoresearch17does_branch_exist0B3_
FN:1431,_RNCNvCs7p347oDCBEl_15pi_autoresearch17has_remote_origin0B3_
FN:627,_RNCNvCs7p347oDCBEl_15pi_autoresearch19execute_measurement0B3_
FN:664,_RNCNvCs7p347oDCBEl_15pi_autoresearch21parse_branch_age_days0B3_
FN:665,_RNCNvCs7p347oDCBEl_15pi_autoresearch21parse_branch_age_dayss_0B3_
FN:1834,_RNCNvCs7p347oDCBEl_15pi_autoresearch26list_autoresearch_branches0B3_
FN:1835,_RNCNvCs7p347oDCBEl_15pi_autoresearch26list_autoresearch_branchess_0B3_
FN:1297,_RNCNCNCNvCs7p347oDCBEl_15pi_autoresearch25calculate_runtime_seconds000B7_
FN:2265,_RNCNCNCNvCs7p347oDCBEl_15pi_autoresearch3run0s4_00B7_
FN:2450,_RNCNCNCNvCs7p347oDCBEl_15pi_autoresearch3run0sb_00B7_
FN:1294,_RNCNCNvCs7p347oDCBEl_15pi_autoresearch25calculate_runtime_seconds00B5_
FN:1181,_RNCNCNvCs7p347oDCBEl_15pi_autoresearch27calculate_final_improvements0_00B5_
FN:2218,_RNCNCNvCs7p347oDCBEl_15pi_autoresearch3run0s0_0B5_
FN:2265,_RNCNCNvCs7p347oDCBEl_15pi_autoresearch3run0s4_0B5_
FN:2319,_RNCNCNvCs7p347oDCBEl_15pi_autoresearch3run0s5_0B5_
FN:2320,_RNCNCNvCs7p347oDCBEl_15pi_autoresearch3run0s6_0B5_
FN:2402,_RNCNCNvCs7p347oDCBEl_15pi_autoresearch3run0s7_0B5_
FN:2428,_RNCNCNvCs7p347oDCBEl_15pi_autoresearch3run0s8_0B5_
FN:2450,_RNCNCNvCs7p347oDCBEl_15pi_autoresearch3run0sb_0B5_
FN:2469,_RNCNCNvCs7p347oDCBEl_15pi_autoresearch3run0sc_0B5_
FN:1615,_RNCNCNvMs3_Cs7p347oDCBEl_15pi_autoresearchNtB9_16BeadsIntegration22create_experiment_bead00B9_
FN:223,_RNCNvCs7p347oDCBEl_15pi_autoresearch12init_logging0B3_
FN:1871,_RNCNvCs7p347oDCBEl_15pi_autoresearch12list_historys0_0B3_
FN:1789,_RNCNvCs7p347oDCBEl_15pi_autoresearch17read_session_file0B3_
FN:949,_RNCNvCs7p347oDCBEl_15pi_autoresearch18run_iterative_loop0B3_
FN:1052,_RNCNvCs7p347oDCBEl_15pi_autoresearch18run_iterative_loops0_0B3_
FN:1051,_RNCNvCs7p347oDCBEl_15pi_autoresearch18run_iterative_loops_0B3_
FN:1904,_RNCNvCs7p347oDCBEl_15pi_autoresearch19compare_experiments0B3_
FN:1905,_RNCNvCs7p347oDCBEl_15pi_autoresearch19compare_experimentss_0B3_
FN:1200,_RNCNvCs7p347oDCBEl_15pi_autoresearch19extract_key_changes0B3_
FN:1546,_RNCNvCs7p347oDCBEl_15pi_autoresearch21create_failure_result0B3_
FN:1293,_RNCNvCs7p347oDCBEl_15pi_autoresearch25calculate_runtime_seconds0B3_
FN:1181,_RNCNvCs7p347oDCBEl_15pi_autoresearch27calculate_final_improvements0_0B3_
FN:1931,_RNCNvCs7p347oDCBEl_15pi_autoresearch29display_experiment_comparisons0_0B3_
FN:1937,_RNCNvCs7p347oDCBEl_15pi_autoresearch29display_experiment_comparisons3_0B3_
FN:2134,_RNCNvCs7p347oDCBEl_15pi_autoresearch3run0B3_
FN:3476,_RNCNvCs7p347oDCBEl_15pi_autoresearch4main0B3_
FN:1614,_RNCNvMs3_Cs7p347oDCBEl_15pi_autoresearchNtB7_16BeadsIntegration22create_experiment_bead0B7_
FN:212,_RNvCs7p347oDCBEl_15pi_autoresearch12init_logging
FN:1848,_RNvCs7p347oDCBEl_15pi_autoresearch12list_history
FN:821,_RNvCs7p347oDCBEl_15pi_autoresearch13log_iteration
FN:846,_RNvCs7p347oDCBEl_15pi_autoresearch13run_iteration
FN:560,_RNvCs7p347oDCBEl_15pi_autoresearch15generate_design
FN:691,_RNvCs7p347oDCBEl_15pi_autoresearch15verify_baseline
FN:1718,_RNvCs7p347oDCBEl_15pi_autoresearch17read_session_file
FN:2075,_RNvCs7p347oDCBEl_15pi_autoresearch18find_session_by_id
FN:899,_RNvCs7p347oDCBEl_15pi_autoresearch18run_iterative_loop
FN:1893,_RNvCs7p347oDCBEl_15pi_autoresearch19compare_experiments
FN:1192,_RNvCs7p347oDCBEl_15pi_autoresearch19extract_key_changes
FN:1464,_RNvCs7p347oDCBEl_15pi_autoresearch19finalize_experiment
FN:2089,_RNvCs7p347oDCBEl_15pi_autoresearch20print_failure_report
FN:779,_RNvCs7p347oDCBEl_15pi_autoresearch20save_to_session_file
FN:1525,_RNvCs7p347oDCBEl_15pi_autoresearch21create_failure_result
FN:1226,_RNvCs7p347oDCBEl_15pi_autoresearch22extract_change_summary
FN:1240,_RNvCs7p347oDCBEl_15pi_autoresearch23generate_commit_message
FN:592,_RNvCs7p347oDCBEl_15pi_autoresearch24read_question_from_stdin
FN:1289,_RNvCs7p347oDCBEl_15pi_autoresearch25calculate_runtime_seconds
FN:1989,_RNvCs7p347oDCBEl_15pi_autoresearch25calculate_session_runtime
FN:1173,_RNvCs7p347oDCBEl_15pi_autoresearch27calculate_final_improvement
FN:1925,_RNvCs7p347oDCBEl_15pi_autoresearch29display_experiment_comparison
FN:1106,_RNvCs7p347oDCBEl_15pi_autoresearch32generate_failure_recommendations
FN:2134,_RNvCs7p347oDCBEl_15pi_autoresearch3run
FN:3476,_RNvCs7p347oDCBEl_15pi_autoresearch4main
FN:1653,_RNvMs3_Cs7p347oDCBEl_15pi_autoresearchNtB5_16BeadsIntegration10close_bead
FN:1624,_RNvMs3_Cs7p347oDCBEl_15pi_autoresearchNtB5_16BeadsIntegration20update_bead_progress
FN:1577,_RNvMs3_Cs7p347oDCBEl_15pi_autoresearchNtB5_16BeadsIntegration22create_experiment_bead
FN:1570,_RNvMs3_Cs7p347oDCBEl_15pi_autoresearchNtB5_16BeadsIntegration3new
FN:372,_RNvCs7p347oDCBEl_15pi_autoresearch10get_metric
FN:379,_RNvCs7p347oDCBEl_15pi_autoresearch11get_measure
FN:338,_RNvCs7p347oDCBEl_15pi_autoresearch11load_config
FN:1436,_RNvCs7p347oDCBEl_15pi_autoresearch11push_branch
FN:386,_RNvCs7p347oDCBEl_15pi_autoresearch12get_baseline
FN:817,_RNvCs7p347oDCBEl_15pi_autoresearch12keep_changes
FN:2015,_RNvCs7p347oDCBEl_15pi_autoresearch12truncate_str
FN:837,_RNvCs7p347oDCBEl_15pi_autoresearch13uuid_generate
FN:1413,_RNvCs7p347oDCBEl_15pi_autoresearch14commit_changes
FN:813,_RNvCs7p347oDCBEl_15pi_autoresearch14revert_changes
FN:1450,_RNvCs7p347oDCBEl_15pi_autoresearch15checkout_branch
FN:2002,_RNvCs7p347oDCBEl_15pi_autoresearch15format_duration
FN:444,_RNvCs7p347oDCBEl_15pi_autoresearch15get_stall_limit
FN:799,_RNvCs7p347oDCBEl_15pi_autoresearch15invoke_pi_agent
FN:240,_RNvCs7p347oDCBEl_15pi_autoresearch15validate_config
FN:408,_RNvCs7p347oDCBEl_15pi_autoresearch16get_max_variance
FN:414,_RNvCs7p347oDCBEl_15pi_autoresearch16get_session_file
FN:1368,_RNvCs7p347oDCBEl_15pi_autoresearch17does_branch_exist
FN:683,_RNvCs7p347oDCBEl_15pi_autoresearch17format_branch_age
FN:419,_RNvCs7p347oDCBEl_15pi_autoresearch17get_beads_enabled
FN:437,_RNvCs7p347oDCBEl_15pi_autoresearch17get_total_timeout
FN:1427,_RNvCs7p347oDCBEl_15pi_autoresearch17has_remote_origin
FN:1399,_RNvCs7p347oDCBEl_15pi_autoresearch17stage_all_changes
FN:1354,_RNvCs7p347oDCBEl_15pi_autoresearch18get_current_branch
FN:400,_RNvCs7p347oDCBEl_15pi_autoresearch18get_max_iterations
FN:607,_RNvCs7p347oDCBEl_15pi_autoresearch19execute_measurement
FN:639,_RNvCs7p347oDCBEl_15pi_autoresearch19get_git_commit_hash
FN:1304,_RNvCs7p347oDCBEl_15pi_autoresearch20generate_branch_name
FN:430,_RNvCs7p347oDCBEl_15pi_autoresearch21get_iteration_timeout
FN:309,_RNvCs7p347oDCBEl_15pi_autoresearch21is_valid_session_path
FN:654,_RNvCs7p347oDCBEl_15pi_autoresearch21parse_branch_age_days
FN:1311,_RNvCs7p347oDCBEl_15pi_autoresearch22execute_git_operations
FN:458,_RNvCs7p347oDCBEl_15pi_autoresearch22get_convergence_window
FN:393,_RNvCs7p347oDCBEl_15pi_autoresearch22get_target_improvement
FN:808,_RNvCs7p347oDCBEl_15pi_autoresearch23apply_changes_in_branch
FN:1379,_RNvCs7p347oDCBEl_15pi_autoresearch25create_or_checkout_branch
FN:451,_RNvCs7p347oDCBEl_15pi_autoresearch25get_convergence_threshold
FN:1823,_RNvCs7p347oDCBEl_15pi_autoresearch26list_autoresearch_branches
FN:2023,_RNvCs7p347oDCBEl_15pi_autoresearch29cleanup_autoresearch_branches
FN:178,_RNvXCs7p347oDCBEl_15pi_autoresearchNtB2_21ConfigValidationErrorNtNtCskpTlHb4dJmc_4core3fmt7Display3fmt
FN:541,_RNvXs0_Cs7p347oDCBEl_15pi_autoresearchNtB5_11StuckReasonNtNtCskpTlHb4dJmc_4core3fmt7Display3fmt
FN:553,_RNvXs1_Cs7p347oDCBEl_15pi_autoresearchNtB5_13BaselineErrorNtNtCskpTlHb4dJmc_4core3fmt7Display3fmt
FNDA:0,_RNCNCNCNvCsgka7P1uevD1_15pi_autoresearch25calculate_runtime_seconds000B7_
FNDA:2,_RNCNCNCNvCsgka7P1uevD1_15pi_autoresearch3run0s4_00B7_
FNDA:0,_RNCNCNCNvCsgka7P1uevD1_15pi_autoresearch3run0sb_00B7_
FNDA:0,_RNCNCNvCsgka7P1uevD1_15pi_autoresearch25calculate_runtime_seconds00B5_
FNDA:2,_RNCNCNvCsgka7P1uevD1_15pi_autoresearch27calculate_final_improvements0_00B5_
FNDA:2,_RNCNCNvCsgka7P1uevD1_15pi_autoresearch3run0s0_0B5_
FNDA:4,_RNCNCNvCsgka7P1uevD1_15pi_autoresearch3run0s4_0B5_
FNDA:0,_RNCNCNvCsgka7P1uevD1_15pi_autoresearch3run0s5_0B5_
FNDA:0,_RNCNCNvCsgka7P1uevD1_15pi_autoresearch3run0s6_0B5_
FNDA:6,_RNCNCNvCsgka7P1uevD1_15pi_autoresearch3run0s7_0B5_
FNDA:0,_RNCNCNvCsgka7P1uevD1_15pi_autoresearch3run0s8_0B5_
FNDA:15,_RNCNCNvCsgka7P1uevD1_15pi_autoresearch3run0sb_0B5_
FNDA:2,_RNCNCNvCsgka7P1uevD1_15pi_autoresearch3run0sc_0B5_
FNDA:1,_RNCNCNvMs3_Csgka7P1uevD1_15pi_autoresearchNtB9_16BeadsIntegration22create_experiment_bead00B9_
FNDA:33,_RNCNvCsgka7P1uevD1_15pi_autoresearch10get_metric0B3_
FNDA:0,_RNCNvCsgka7P1uevD1_15pi_autoresearch10get_metrics_0B3_
FNDA:33,_RNCNvCsgka7P1uevD1_15pi_autoresearch11get_measure0B3_
FNDA:0,_RNCNvCsgka7P1uevD1_15pi_autoresearch11get_measures_0B3_
FNDA:0,_RNCNvCsgka7P1uevD1_15pi_autoresearch11load_config0B3_
FNDA:1,_RNCNvCsgka7P1uevD1_15pi_autoresearch11load_configs0_0B3_
FNDA:10,_RNCNvCsgka7P1uevD1_15pi_autoresearch11load_configs1_0B3_
FNDA:0,_RNCNvCsgka7P1uevD1_15pi_autoresearch11load_configs_0B3_
FNDA:47,_RNCNvCsgka7P1uevD1_15pi_autoresearch12init_logging0B3_
FNDA:1,_RNCNvCsgka7P1uevD1_15pi_autoresearch12list_historys0_0B3_
FNDA:15,_RNCNvCsgka7P1uevD1_15pi_autoresearch15validate_config0B3_
FNDA:0,_RNCNvCsgka7P1uevD1_15pi_autoresearch17does_branch_exist0B3_
FNDA:0,_RNCNvCsgka7P1uevD1_15pi_autoresearch17has_remote_origin0B3_
FNDA:0,_RNCNvCsgka7P1uevD1_15pi_autoresearch17read_session_file0B3_
FNDA:4,_RNCNvCsgka7P1uevD1_15pi_autoresearch18run_iterative_loop0B3_
FNDA:0,_RNCNvCsgka7P1uevD1_15pi_autoresearch18run_iterative_loops0_0B3_
FNDA:0,_RNCNvCsgka7P1uevD1_15pi_autoresearch18run_iterative_loops_0B3_
FNDA:0,_RNCNvCsgka7P1uevD1_15pi_autoresearch19compare_experiments0B3_
FNDA:0,_RNCNvCsgka7P1uevD1_15pi_autoresearch19compare_experimentss_0B3_
FNDA:2,_RNCNvCsgka7P1uevD1_15pi_autoresearch19execute_measurement0B3_
FNDA:12,_RNCNvCsgka7P1uevD1_15pi_autoresearch19extract_key_changes0B3_
FNDA:11,_RNCNvCsgka7P1uevD1_15pi_autoresearch21create_failure_result0B3_
FNDA:820,_RNCNvCsgka7P1uevD1_15pi_autoresearch21parse_branch_age_days0B3_
FNDA:2,_RNCNvCsgka7P1uevD1_15pi_autoresearch21parse_branch_age_dayss_0B3_
FNDA:0,_RNCNvCsgka7P1uevD1_15pi_autoresearch25calculate_runtime_seconds0B3_
FNDA:846,_RNCNvCsgka7P1uevD1_15pi_autoresearch26list_autoresearch_branches0B3_
FNDA:821,_RNCNvCsgka7P1uevD1_15pi_autoresearch26list_autoresearch_branchess_0B3_
FNDA:19,_RNCNvCsgka7P1uevD1_15pi_autoresearch27calculate_final_improvements0_0B3_
FNDA:0,_RNCNvCsgka7P1uevD1_15pi_autoresearch29display_experiment_comparisons0_0B3_
FNDA:0,_RNCNvCsgka7P1uevD1_15pi_autoresearch29display_experiment_comparisons3_0B3_
FNDA:82,_RNCNvCsgka7P1uevD1_15pi_autoresearch3run0B3_
FNDA:82,_RNCNvCsgka7P1uevD1_15pi_autoresearch4main0B3_
FNDA:1,_RNCNvMs3_Csgka7P1uevD1_15pi_autoresearchNtB7_16BeadsIntegration22create_experiment_bead0B7_
FNDA:33,_RNvCsgka7P1uevD1_15pi_autoresearch10get_metric
FNDA:33,_RNvCsgka7P1uevD1_15pi_autoresearch11get_measure
FNDA:76,_RNvCsgka7P1uevD1_15pi_autoresearch11load_config
FNDA:0,_RNvCsgka7P1uevD1_15pi_autoresearch11push_branch
FNDA:22,_RNvCsgka7P1uevD1_15pi_autoresearch12get_baseline
FNDA:76,_RNvCsgka7P1uevD1_15pi_autoresearch12init_logging
FNDA:14,_RNvCsgka7P1uevD1_15pi_autoresearch12keep_changes
FNDA:6,_RNvCsgka7P1uevD1_15pi_autoresearch12list_history
FNDA:0,_RNvCsgka7P1uevD1_15pi_autoresearch12truncate_str
FNDA:17,_RNvCsgka7P1uevD1_15pi_autoresearch13log_iteration
FNDA:22,_RNvCsgka7P1uevD1_15pi_autoresearch13run_iteration
FNDA:45,_RNvCsgka7P1uevD1_15pi_autoresearch13uuid_generate
FNDA:0,_RNvCsgka7P1uevD1_15pi_autoresearch14commit_changes
FNDA:3,_RNvCsgka7P1uevD1_15pi_autoresearch14revert_changes
FNDA:0,_RNvCsgka7P1uevD1_15pi_autoresearch15checkout_branch
FNDA:0,_RNvCsgka7P1uevD1_15pi_autoresearch15format_duration
FNDA:34,_RNvCsgka7P1uevD1_15pi_autoresearch15generate_design
FNDA:23,_RNvCsgka7P1uevD1_15pi_autoresearch15get_stall_limit
FNDA:22,_RNvCsgka7P1uevD1_15pi_autoresearch15invoke_pi_agent
FNDA:70,_RNvCsgka7P1uevD1_15pi_autoresearch15validate_config
FNDA:9,_RNvCsgka7P1uevD1_15pi_autoresearch15verify_baseline
FNDA:31,_RNvCsgka7P1uevD1_15pi_autoresearch16get_max_variance
FNDA:132,_RNvCsgka7P1uevD1_15pi_autoresearch16get_session_file
FNDA:0,_RNvCsgka7P1uevD1_15pi_autoresearch17does_branch_exist
FNDA:821,_RNvCsgka7P1uevD1_15pi_autoresearch17format_branch_age
FNDA:34,_RNvCsgka7P1uevD1_15pi_autoresearch17get_beads_enabled
FNDA:23,_RNvCsgka7P1uevD1_15pi_autoresearch17get_total_timeout
FNDA:0,_RNvCsgka7P1uevD1_15pi_autoresearch17has_remote_origin
FNDA:11,_RNvCsgka7P1uevD1_15pi_autoresearch17read_session_file
FNDA:0,_RNvCsgka7P1uevD1_15pi_autoresearch17stage_all_changes
FNDA:5,_RNvCsgka7P1uevD1_15pi_autoresearch18find_session_by_id
FNDA:0,_RNvCsgka7P1uevD1_15pi_autoresearch18get_current_branch
FNDA:23,_RNvCsgka7P1uevD1_15pi_autoresearch18get_max_iterations
FNDA:23,_RNvCsgka7P1uevD1_15pi_autoresearch18run_iterative_loop
FNDA:0,_RNvCsgka7P1uevD1_15pi_autoresearch19compare_experiments
FNDA:36,_RNvCsgka7P1uevD1_15pi_autoresearch19execute_measurement
FNDA:12,_RNvCsgka7P1uevD1_15pi_autoresearch19extract_key_changes
FNDA:23,_RNvCsgka7P1uevD1_15pi_autoresearch19finalize_experiment
FNDA:31,_RNvCsgka7P1uevD1_15pi_autoresearch19get_git_commit_hash
FNDA:0,_RNvCsgka7P1uevD1_15pi_autoresearch20generate_branch_name
FNDA:5,_RNvCsgka7P1uevD1_15pi_autoresearch20print_failure_report
FNDA:26,_RNvCsgka7P1uevD1_15pi_autoresearch20save_to_session_file
FNDA:11,_RNvCsgka7P1uevD1_15pi_autoresearch21create_failure_result
FNDA:23,_RNvCsgka7P1uevD1_15pi_autoresearch21get_iteration_timeout
FNDA:59,_RNvCsgka7P1uevD1_15pi_autoresearch21is_valid_session_path
FNDA:821,_RNvCsgka7P1uevD1_15pi_autoresearch21parse_branch_age_days
FNDA:0,_RNvCsgka7P1uevD1_15pi_autoresearch22execute_git_operations
FNDA:13,_RNvCsgka7P1uevD1_15pi_autoresearch22extract_change_summary
FNDA:23,_RNvCsgka7P1uevD1_15pi_autoresearch22get_convergence_window
FNDA:23,_RNvCsgka7P1uevD1_15pi_autoresearch22get_target_improvement
FNDA:18,_RNvCsgka7P1uevD1_15pi_autoresearch23apply_changes_in_branch
FNDA:0,_RNvCsgka7P1uevD1_15pi_autoresearch23generate_commit_message
FNDA:1,_RNvCsgka7P1uevD1_15pi_autoresearch24read_question_from_stdin
FNDA:0,_RNvCsgka7P1uevD1_15pi_autoresearch25calculate_runtime_seconds
FNDA:0,_RNvCsgka7P1uevD1_15pi_autoresearch25calculate_session_runtime
FNDA:0,_RNvCsgka7P1uevD1_15pi_autoresearch25create_or_checkout_branch
FNDA:23,_RNvCsgka7P1uevD1_15pi_autoresearch25get_convergence_threshold
FNDA:5,_RNvCsgka7P1uevD1_15pi_autoresearch26list_autoresearch_branches
FNDA:23,_RNvCsgka7P1uevD1_15pi_autoresearch27calculate_final_improvement
FNDA:3,_RNvCsgka7P1uevD1_15pi_autoresearch29cleanup_autoresearch_branches
FNDA:0,_RNvCsgka7P1uevD1_15pi_autoresearch29display_experiment_comparison
FNDA:11,_RNvCsgka7P1uevD1_15pi_autoresearch32generate_failure_recommendations
FNDA:82,_RNvCsgka7P1uevD1_15pi_autoresearch3run
FNDA:82,_RNvCsgka7P1uevD1_15pi_autoresearch4main
FNDA:21,_RNvMs3_Csgka7P1uevD1_15pi_autoresearchNtB5_16BeadsIntegration10close_bead
FNDA:19,_RNvMs3_Csgka7P1uevD1_15pi_autoresearchNtB5_16BeadsIntegration20update_bead_progress
FNDA:1,_RNvMs3_Csgka7P1uevD1_15pi_autoresearchNtB5_16BeadsIntegration22create_experiment_bead
FNDA:34,_RNvMs3_Csgka7P1uevD1_15pi_autoresearchNtB5_16BeadsIntegration3new
FNDA:15,_RNvXCsgka7P1uevD1_15pi_autoresearchNtB2_21ConfigValidationErrorNtNtCskpTlHb4dJmc_4core3fmt7Display3fmt
FNDA:11,_RNvXs0_Csgka7P1uevD1_15pi_autoresearchNtB5_11StuckReasonNtNtCskpTlHb4dJmc_4core3fmt7Display3fmt
FNDA:3,_RNvXs1_Csgka7P1uevD1_15pi_autoresearchNtB5_13BaselineErrorNtNtCskpTlHb4dJmc_4core3fmt7Display3fmt
FNDA:16,_RNCNvNtCs7p347oDCBEl_15pi_autoresearch5testss_25test_uuid_generate_format0B5_
FNDA:40,_RNCNvNtCs7p347oDCBEl_15pi_autoresearch5testss_31test_get_git_commit_hash_format0B5_
FNDA:1,_RNvNtCs7p347oDCBEl_15pi_autoresearch5testss_22test_truncate_str_long
FNDA:1,_RNvNtCs7p347oDCBEl_15pi_autoresearch5testss_23test_get_metric_default
FNDA:1,_RNvNtCs7p347oDCBEl_15pi_autoresearch5testss_23test_truncate_str_empty
FNDA:1,_RNvNtCs7p347oDCBEl_15pi_autoresearch5testss_23test_truncate_str_exact
FNDA:1,_RNvNtCs7p347oDCBEl_15pi_autoresearch5testss_23test_truncate_str_short
FNDA:1,_RNvNtCs7p347oDCBEl_15pi_autoresearch5testss_24test_get_measure_default
FNDA:1,_RNvNtCs7p347oDCBEl_15pi_autoresearch5testss_25test_uuid_generate_format
FNDA:1,_RNvNtCs7p347oDCBEl_15pi_autoresearch5testss_25test_uuid_generate_unique
FNDA:1,_RNvNtCs7p347oDCBEl_15pi_autoresearch5testss_26test_format_duration_hours
FNDA:1,_RNvNtCs7p347oDCBEl_15pi_autoresearch5testss_26test_keep_changes_no_panic
FNDA:1,_RNvNtCs7p347oDCBEl_15pi_autoresearch5testss_26test_validate_config_valid
FNDA:1,_RNvNtCs7p347oDCBEl_15pi_autoresearch5testss_27test_format_branch_age_days
FNDA:1,_RNvNtCs7p347oDCBEl_15pi_autoresearch5testss_27test_invoke_pi_agent_format
FNDA:1,_RNvNtCs7p347oDCBEl_15pi_autoresearch5testss_27test_load_config_read_error
FNDA:1,_RNvNtCs7p347oDCBEl_15pi_autoresearch5testss_28test_checkout_branch_current
FNDA:1,_RNvNtCs7p347oDCBEl_15pi_autoresearch5testss_28test_format_branch_age_today
FNDA:1,_RNvNtCs7p347oDCBEl_15pi_autoresearch5testss_28test_format_duration_minutes
FNDA:1,_RNvNtCs7p347oDCBEl_15pi_autoresearch5testss_28test_format_duration_seconds
FNDA:1,_RNvNtCs7p347oDCBEl_15pi_autoresearch5testss_28test_get_metric_cli_provided
FNDA:1,_RNvNtCs7p347oDCBEl_15pi_autoresearch5testss_28test_push_branch_nonexistent
FNDA:1,_RNvNtCs7p347oDCBEl_15pi_autoresearch5testss_28test_revert_changes_no_panic
FNDA:1,_RNvNtCs7p347oDCBEl_15pi_autoresearch5testss_29test_get_measure_cli_provided
FNDA:1,_RNvNtCs7p347oDCBEl_15pi_autoresearch5testss_30test_format_branch_age_one_day
FNDA:1,_RNvNtCs7p347oDCBEl_15pi_autoresearch5testss_30test_get_baseline_cli_provided
FNDA:1,_RNvNtCs7p347oDCBEl_15pi_autoresearch5testss_31test_format_branch_age_negative
FNDA:1,_RNvNtCs7p347oDCBEl_15pi_autoresearch5testss_31test_get_beads_enabled_cli_true
FNDA:1,_RNvNtCs7p347oDCBEl_15pi_autoresearch5testss_31test_get_git_commit_hash_format
FNDA:1,_RNvNtCs7p347oDCBEl_15pi_autoresearch5testss_31test_get_metric_config_provided
FNDA:1,_RNvNtCs7p347oDCBEl_15pi_autoresearch5testss_32test_commit_changes_with_message
FNDA:1,_RNvNtCs7p347oDCBEl_15pi_autoresearch5testss_32test_format_branch_age_yesterday
FNDA:1,_RNvNtCs7p347oDCBEl_15pi_autoresearch5testss_32test_format_branch_age_zero_days
FNDA:1,_RNvNtCs7p347oDCBEl_15pi_autoresearch5testss_32test_generate_branch_name_format
FNDA:1,_RNvNtCs7p347oDCBEl_15pi_autoresearch5testss_32test_generate_branch_name_unique
FNDA:1,_RNvNtCs7p347oDCBEl_15pi_autoresearch5testss_32test_get_max_variance_always_cli
FNDA:1,_RNvNtCs7p347oDCBEl_15pi_autoresearch5testss_32test_get_measure_config_provided
FNDA:1,_RNvNtCs7p347oDCBEl_15pi_autoresearch5testss_32test_get_session_file_always_cli
FNDA:1,_RNvNtCs7p347oDCBEl_15pi_autoresearch5testss_32test_invoke_pi_agent_long_inputs
FNDA:1,_RNvNtCs7p347oDCBEl_15pi_autoresearch5testss_33test_get_baseline_config_provided
FNDA:1,_RNvNtCs7p347oDCBEl_15pi_autoresearch5testss_33test_get_current_branch_not_empty
FNDA:1,_RNvNtCs7p347oDCBEl_15pi_autoresearch5testss_33test_get_stall_limit_cli_provided
FNDA:1,_RNvNtCs7p347oDCBEl_15pi_autoresearch5testss_33test_invoke_pi_agent_empty_inputs
FNDA:1,_RNvNtCs7p347oDCBEl_15pi_autoresearch5testss_33test_load_config_home_env_not_set
FNDA:1,_RNvNtCs7p347oDCBEl_15pi_autoresearch5testss_34test_does_branch_exist_nonexistent
FNDA:1,_RNvNtCs7p347oDCBEl_15pi_autoresearch5testss_34test_get_beads_enabled_config_true
FNDA:1,_RNvNtCs7p347oDCBEl_15pi_autoresearch5testss_34test_stage_all_changes_in_git_repo
FNDA:1,_RNvNtCs7p347oDCBEl_15pi_autoresearch5testss_35test_format_branch_age_large_number
FNDA:1,_RNvNtCs7p347oDCBEl_15pi_autoresearch5testss_35test_get_beads_enabled_config_false
FNDA:1,_RNvNtCs7p347oDCBEl_15pi_autoresearch5testss_35test_get_total_timeout_cli_provided
FNDA:1,_RNvNtCs7p347oDCBEl_15pi_autoresearch5testss_35test_is_valid_session_path_writable
FNDA:1,_RNvNtCs7p347oDCBEl_15pi_autoresearch5testss_36test_config_precedence_all_functions
FNDA:1,_RNvNtCs7p347oDCBEl_15pi_autoresearch5testss_36test_get_beads_enabled_default_false
FNDA:1,_RNvNtCs7p347oDCBEl_15pi_autoresearch5testss_36test_get_max_iterations_cli_provided
FNDA:1,_RNvNtCs7p347oDCBEl_15pi_autoresearch5testss_36test_get_metric_cli_overrides_config
FNDA:1,_RNvNtCs7p347oDCBEl_15pi_autoresearch5testss_36test_is_valid_session_path_valid_dir
FNDA:1,_RNvNtCs7p347oDCBEl_15pi_autoresearch5testss_36test_validate_config_multiple_errors
FNDA:1,_RNvNtCs7p347oDCBEl_15pi_autoresearch5testss_37test_does_branch_exist_current_branch
FNDA:1,_RNvNtCs7p347oDCBEl_15pi_autoresearch5testss_37test_is_valid_session_path_unwritable
FNDA:1,_RNvNtCs7p347oDCBEl_15pi_autoresearch5testss_37test_load_config_parse_error_explicit
FNDA:1,_RNvNtCs7p347oDCBEl_15pi_autoresearch5testss_37test_stuck_reason_display_convergence
FNDA:1,_RNvNtCs7p347oDCBEl_15pi_autoresearch5testss_37test_stuck_reason_display_stall_limit
FNDA:1,_RNvNtCs7p347oDCBEl_15pi_autoresearch5testss_37test_validate_config_stall_limit_zero
FNDA:1,_RNvNtCs7p347oDCBEl_15pi_autoresearch5testss_38test_execute_measurement_empty_command
FNDA:1,_RNvNtCs7p347oDCBEl_15pi_autoresearch5testss_38test_execute_measurement_valid_command
FNDA:1,_RNvNtCs7p347oDCBEl_15pi_autoresearch5testss_38test_is_valid_session_path_current_dir
FNDA:1,_RNvNtCs7p347oDCBEl_15pi_autoresearch5testss_38test_parse_branch_age_days_nonexistent
FNDA:1,_RNvNtCs7p347oDCBEl_15pi_autoresearch5testss_39test_execute_measurement_integer_output
FNDA:1,_RNvNtCs7p347oDCBEl_15pi_autoresearch5testss_39test_execute_measurement_invalid_output
FNDA:1,_RNvNtCs7p347oDCBEl_15pi_autoresearch5testss_39test_get_iteration_timeout_cli_provided
FNDA:1,_RNvNtCs7p347oDCBEl_15pi_autoresearch5testss_39test_stuck_reason_display_total_timeout
FNDA:1,_RNvNtCs7p347oDCBEl_15pi_autoresearch5testss_39test_validate_config_total_timeout_zero
FNDA:1,_RNvNtCs7p347oDCBEl_15pi_autoresearch5testss_40test_execute_measurement_negative_output
FNDA:1,_RNvNtCs7p347oDCBEl_15pi_autoresearch5testss_40test_get_convergence_window_cli_provided
FNDA:1,_RNvNtCs7p347oDCBEl_15pi_autoresearch5testss_40test_get_target_improvement_cli_provided
FNDA:1,_RNvNtCs7p347oDCBEl_15pi_autoresearch5testss_40test_list_autoresearch_branches_no_panic
FNDA:1,_RNvNtCs7p347oDCBEl_15pi_autoresearch5testss_40test_load_config_validate_error_explicit
FNDA:1,_RNvNtCs7p347oDCBEl_15pi_autoresearch5testss_40test_validate_config_max_iterations_zero
FNDA:1,_RNvNtCs7p347oDCBEl_15pi_autoresearch5testss_41test_parse_branch_age_days_invalid_format
FNDA:1,_RNvNtCs7p347oDCBEl_15pi_autoresearch5testss_41test_validate_config_max_variance_too_low
FNDA:1,_RNvNtCs7p347oDCBEl_15pi_autoresearch5testss_42test_create_or_checkout_branch_nonexistent
FNDA:1,_RNvNtCs7p347oDCBEl_15pi_autoresearch5testss_42test_execute_measurement_command_not_found
FNDA:1,_RNvNtCs7p347oDCBEl_15pi_autoresearch5testss_42test_is_valid_session_path_nonexistent_dir
FNDA:1,_RNvNtCs7p347oDCBEl_15pi_autoresearch5testss_42test_validate_config_max_variance_too_high
FNDA:1,_RNvNtCs7p347oDCBEl_15pi_autoresearch5testss_43test_apply_changes_in_branch_returns_string
FNDA:1,_RNvNtCs7p347oDCBEl_15pi_autoresearch5testss_43test_cleanup_autoresearch_branches_no_panic
FNDA:1,_RNvNtCs7p347oDCBEl_15pi_autoresearch5testss_43test_get_convergence_threshold_cli_provided
FNDA:1,_RNvNtCs7p347oDCBEl_15pi_autoresearch5testss_43test_stuck_reason_display_iteration_timeout
FNDA:1,_RNvNtCs7p347oDCBEl_15pi_autoresearch5testss_43test_validate_config_iteration_timeout_zero
FNDA:1,_RNvNtCs7p347oDCBEl_15pi_autoresearch5testss_44test_execute_measurement_scientific_notation
FNDA:1,_RNvNtCs7p347oDCBEl_15pi_autoresearch5testss_44test_execute_measurement_whitespace_handling
FNDA:1,_RNvNtCs7p347oDCBEl_15pi_autoresearch5testss_44test_validate_config_convergence_window_zero
FNDA:1,_RNvNtCs7p347oDCBEl_15pi_autoresearch5testss_44test_validate_config_target_improvement_zero
FNDA:1,_RNvNtCs7p347oDCBEl_15pi_autoresearch5testss_46test_execute_git_operations_nonexistent_branch
FNDA:1,_RNvNtCs7p347oDCBEl_15pi_autoresearch5testss_46test_validate_config_session_file_invalid_path
FNDA:1,_RNvNtCs7p347oDCBEl_15pi_autoresearch5testss_48test_validate_config_target_improvement_negative
FNDA:1,_RNvNtCs7p347oDCBEl_15pi_autoresearch5testss_49test_validate_config_session_file_valid_temp_path
FNDA:3,_RNCNvCs7p347oDCBEl_15pi_autoresearch10get_metric0B3_
FNDA:1,_RNCNvCs7p347oDCBEl_15pi_autoresearch10get_metrics_0B3_
FNDA:2,_RNCNvCs7p347oDCBEl_15pi_autoresearch11get_measure0B3_
FNDA:1,_RNCNvCs7p347oDCBEl_15pi_autoresearch11get_measures_0B3_
FNDA:1,_RNCNvCs7p347oDCBEl_15pi_autoresearch11load_config0B3_
FNDA:1,_RNCNvCs7p347oDCBEl_15pi_autoresearch11load_configs0_0B3_
FNDA:1,_RNCNvCs7p347oDCBEl_15pi_autoresearch11load_configs1_0B3_
FNDA:1,_RNCNvCs7p347oDCBEl_15pi_autoresearch11load_configs_0B3_
FNDA:14,_RNCNvCs7p347oDCBEl_15pi_autoresearch15validate_config0B3_
FNDA:2,_RNCNvCs7p347oDCBEl_15pi_autoresearch17does_branch_exist0B3_
FNDA:0,_RNCNvCs7p347oDCBEl_15pi_autoresearch17has_remote_origin0B3_
FNDA:1,_RNCNvCs7p347oDCBEl_15pi_autoresearch19execute_measurement0B3_
FNDA:163,_RNCNvCs7p347oDCBEl_15pi_autoresearch21parse_branch_age_days0B3_
FNDA:0,_RNCNvCs7p347oDCBEl_15pi_autoresearch21parse_branch_age_dayss_0B3_
FNDA:337,_RNCNvCs7p347oDCBEl_15pi_autoresearch26list_autoresearch_branches0B3_
FNDA:327,_RNCNvCs7p347oDCBEl_15pi_autoresearch26list_autoresearch_branchess_0B3_
FNDA:0,_RNCNCNCNvCs7p347oDCBEl_15pi_autoresearch25calculate_runtime_seconds000B7_
FNDA:0,_RNCNCNCNvCs7p347oDCBEl_15pi_autoresearch3run0s4_00B7_
FNDA:0,_RNCNCNCNvCs7p347oDCBEl_15pi_autoresearch3run0sb_00B7_
FNDA:0,_RNCNCNvCs7p347oDCBEl_15pi_autoresearch25calculate_runtime_seconds00B5_
FNDA:0,_RNCNCNvCs7p347oDCBEl_15pi_autoresearch27calculate_final_improvements0_00B5_
FNDA:0,_RNCNCNvCs7p347oDCBEl_15pi_autoresearch3run0s0_0B5_
FNDA:0,_RNCNCNvCs7p347oDCBEl_15pi_autoresearch3run0s4_0B5_
FNDA:0,_RNCNCNvCs7p347oDCBEl_15pi_autoresearch3run0s5_0B5_
FNDA:0,_RNCNCNvCs7p347oDCBEl_15pi_autoresearch3run0s6_0B5_
FNDA:0,_RNCNCNvCs7p347oDCBEl_15pi_autoresearch3run0s7_0B5_
FNDA:0,_RNCNCNvCs7p347oDCBEl_15pi_autoresearch3run0s8_0B5_
FNDA:0,_RNCNCNvCs7p347oDCBEl_15pi_autoresearch3run0sb_0B5_
FNDA:0,_RNCNCNvCs7p347oDCBEl_15pi_autoresearch3run0sc_0B5_
FNDA:0,_RNCNCNvMs3_Cs7p347oDCBEl_15pi_autoresearchNtB9_16BeadsIntegration22create_experiment_bead00B9_
FNDA:0,_RNCNvCs7p347oDCBEl_15pi_autoresearch12init_logging0B3_
FNDA:0,_RNCNvCs7p347oDCBEl_15pi_autoresearch12list_historys0_0B3_
FNDA:0,_RNCNvCs7p347oDCBEl_15pi_autoresearch17read_session_file0B3_
FNDA:0,_RNCNvCs7p347oDCBEl_15pi_autoresearch18run_iterative_loop0B3_
FNDA:0,_RNCNvCs7p347oDCBEl_15pi_autoresearch18run_iterative_loops0_0B3_
FNDA:0,_RNCNvCs7p347oDCBEl_15pi_autoresearch18run_iterative_loops_0B3_
FNDA:0,_RNCNvCs7p347oDCBEl_15pi_autoresearch19compare_experiments0B3_
FNDA:0,_RNCNvCs7p347oDCBEl_15pi_autoresearch19compare_experimentss_0B3_
FNDA:0,_RNCNvCs7p347oDCBEl_15pi_autoresearch19extract_key_changes0B3_
FNDA:0,_RNCNvCs7p347oDCBEl_15pi_autoresearch21create_failure_result0B3_
FNDA:0,_RNCNvCs7p347oDCBEl_15pi_autoresearch25calculate_runtime_seconds0B3_
FNDA:0,_RNCNvCs7p347oDCBEl_15pi_autoresearch27calculate_final_improvements0_0B3_
FNDA:0,_RNCNvCs7p347oDCBEl_15pi_autoresearch29display_experiment_comparisons0_0B3_
FNDA:0,_RNCNvCs7p347oDCBEl_15pi_autoresearch29display_experiment_comparisons3_0B3_
FNDA:0,_RNCNvCs7p347oDCBEl_15pi_autoresearch3run0B3_
FNDA:0,_RNCNvCs7p347oDCBEl_15pi_autoresearch4main0B3_
FNDA:0,_RNCNvMs3_Cs7p347oDCBEl_15pi_autoresearchNtB7_16BeadsIntegration22create_experiment_bead0B7_
FNDA:0,_RNvCs7p347oDCBEl_15pi_autoresearch12init_logging
FNDA:0,_RNvCs7p347oDCBEl_15pi_autoresearch12list_history
FNDA:0,_RNvCs7p347oDCBEl_15pi_autoresearch13log_iteration
FNDA:0,_RNvCs7p347oDCBEl_15pi_autoresearch13run_iteration
FNDA:0,_RNvCs7p347oDCBEl_15pi_autoresearch15generate_design
FNDA:0,_RNvCs7p347oDCBEl_15pi_autoresearch15verify_baseline
FNDA:0,_RNvCs7p347oDCBEl_15pi_autoresearch17read_session_file
FNDA:0,_RNvCs7p347oDCBEl_15pi_autoresearch18find_session_by_id
FNDA:0,_RNvCs7p347oDCBEl_15pi_autoresearch18run_iterative_loop
FNDA:0,_RNvCs7p347oDCBEl_15pi_autoresearch19compare_experiments
FNDA:0,_RNvCs7p347oDCBEl_15pi_autoresearch19extract_key_changes
FNDA:0,_RNvCs7p347oDCBEl_15pi_autoresearch19finalize_experiment
FNDA:0,_RNvCs7p347oDCBEl_15pi_autoresearch20print_failure_report
FNDA:0,_RNvCs7p347oDCBEl_15pi_autoresearch20save_to_session_file
FNDA:0,_RNvCs7p347oDCBEl_15pi_autoresearch21create_failure_result
FNDA:0,_RNvCs7p347oDCBEl_15pi_autoresearch22extract_change_summary
FNDA:0,_RNvCs7p347oDCBEl_15pi_autoresearch23generate_commit_message
FNDA:0,_RNvCs7p347oDCBEl_15pi_autoresearch24read_question_from_stdin
FNDA:0,_RNvCs7p347oDCBEl_15pi_autoresearch25calculate_runtime_seconds
FNDA:0,_RNvCs7p347oDCBEl_15pi_autoresearch25calculate_session_runtime
FNDA:0,_RNvCs7p347oDCBEl_15pi_autoresearch27calculate_final_improvement
FNDA:0,_RNvCs7p347oDCBEl_15pi_autoresearch29display_experiment_comparison
FNDA:0,_RNvCs7p347oDCBEl_15pi_autoresearch32generate_failure_recommendations
FNDA:0,_RNvCs7p347oDCBEl_15pi_autoresearch3run
FNDA:0,_RNvCs7p347oDCBEl_15pi_autoresearch4main
FNDA:0,_RNvMs3_Cs7p347oDCBEl_15pi_autoresearchNtB5_16BeadsIntegration10close_bead
FNDA:0,_RNvMs3_Cs7p347oDCBEl_15pi_autoresearchNtB5_16BeadsIntegration20update_bead_progress
FNDA:0,_RNvMs3_Cs7p347oDCBEl_15pi_autoresearchNtB5_16BeadsIntegration22create_experiment_bead
FNDA:0,_RNvMs3_Cs7p347oDCBEl_15pi_autoresearchNtB5_16BeadsIntegration3new
FNDA:5,_RNvCs7p347oDCBEl_15pi_autoresearch10get_metric
FNDA:4,_RNvCs7p347oDCBEl_15pi_autoresearch11get_measure
FNDA:4,_RNvCs7p347oDCBEl_15pi_autoresearch11load_config
FNDA:1,_RNvCs7p347oDCBEl_15pi_autoresearch11push_branch
FNDA:3,_RNvCs7p347oDCBEl_15pi_autoresearch12get_baseline
FNDA:1,_RNvCs7p347oDCBEl_15pi_autoresearch12keep_changes
FNDA:4,_RNvCs7p347oDCBEl_15pi_autoresearch12truncate_str
FNDA:7,_RNvCs7p347oDCBEl_15pi_autoresearch13uuid_generate
FNDA:1,_RNvCs7p347oDCBEl_15pi_autoresearch14commit_changes
FNDA:1,_RNvCs7p347oDCBEl_15pi_autoresearch14revert_changes
FNDA:2,_RNvCs7p347oDCBEl_15pi_autoresearch15checkout_branch
FNDA:8,_RNvCs7p347oDCBEl_15pi_autoresearch15format_duration
FNDA:2,_RNvCs7p347oDCBEl_15pi_autoresearch15get_stall_limit
FNDA:3,_RNvCs7p347oDCBEl_15pi_autoresearch15invoke_pi_agent
FNDA:14,_RNvCs7p347oDCBEl_15pi_autoresearch15validate_config
FNDA:2,_RNvCs7p347oDCBEl_15pi_autoresearch16get_max_variance
FNDA:2,_RNvCs7p347oDCBEl_15pi_autoresearch16get_session_file
FNDA:2,_RNvCs7p347oDCBEl_15pi_autoresearch17does_branch_exist
FNDA:171,_RNvCs7p347oDCBEl_15pi_autoresearch17format_branch_age
FNDA:5,_RNvCs7p347oDCBEl_15pi_autoresearch17get_beads_enabled
FNDA:2,_RNvCs7p347oDCBEl_15pi_autoresearch17get_total_timeout
FNDA:0,_RNvCs7p347oDCBEl_15pi_autoresearch17has_remote_origin
FNDA:1,_RNvCs7p347oDCBEl_15pi_autoresearch17stage_all_changes
FNDA:4,_RNvCs7p347oDCBEl_15pi_autoresearch18get_current_branch
FNDA:2,_RNvCs7p347oDCBEl_15pi_autoresearch18get_max_iterations
FNDA:8,_RNvCs7p347oDCBEl_15pi_autoresearch19execute_measurement
FNDA:1,_RNvCs7p347oDCBEl_15pi_autoresearch19get_git_commit_hash
FNDA:3,_RNvCs7p347oDCBEl_15pi_autoresearch20generate_branch_name
FNDA:2,_RNvCs7p347oDCBEl_15pi_autoresearch21get_iteration_timeout
FNDA:8,_RNvCs7p347oDCBEl_15pi_autoresearch21is_valid_session_path
FNDA:165,_RNvCs7p347oDCBEl_15pi_autoresearch21parse_branch_age_days
FNDA:1,_RNvCs7p347oDCBEl_15pi_autoresearch22execute_git_operations
FNDA:2,_RNvCs7p347oDCBEl_15pi_autoresearch22get_convergence_window
FNDA:2,_RNvCs7p347oDCBEl_15pi_autoresearch22get_target_improvement
FNDA:1,_RNvCs7p347oDCBEl_15pi_autoresearch23apply_changes_in_branch
FNDA:2,_RNvCs7p347oDCBEl_15pi_autoresearch25create_or_checkout_branch
FNDA:2,_RNvCs7p347oDCBEl_15pi_autoresearch25get_convergence_threshold
FNDA:2,_RNvCs7p347oDCBEl_15pi_autoresearch26list_autoresearch_branches
FNDA:1,_RNvCs7p347oDCBEl_15pi_autoresearch29cleanup_autoresearch_branches
FNDA:14,_RNvXCs7p347oDCBEl_15pi_autoresearchNtB2_21ConfigValidationErrorNtNtCskpTlHb4dJmc_4core3fmt7Display3fmt
FNDA:4,_RNvXs0_Cs7p347oDCBEl_15pi_autoresearchNtB5_11StuckReasonNtNtCskpTlHb4dJmc_4core3fmt7Display3fmt
FNDA:2,_RNvXs1_Cs7p347oDCBEl_15pi_autoresearchNtB5_13BaselineErrorNtNtCskpTlHb4dJmc_4core3fmt7Display3fmt
FNF:215
FNH:194
DA:178,29
DA:179,29
DA:180,8
DA:181,8
DA:183,7
DA:184,7
DA:186,6
DA:187,6
DA:189,3
DA:190,3
DA:192,1
DA:193,1
DA:195,1
DA:196,1
DA:198,1
DA:199,1
DA:201,2
DA:202,2
DA:205,29
DA:212,76
DA:214,76
DA:216,29
DA:217,47
DA:219,0
DA:222,47
DA:223,47
DA:224,47
DA:228,76
DA:229,76
DA:230,76
DA:231,76
DA:232,76
DA:233,76
DA:234,76
DA:235,76
DA:237,76
DA:238,76
DA:240,84
DA:241,84
DA:244,84
DA:245,68
DA:246,8
DA:247,60
DA:248,16
DA:251,84
DA:252,68
DA:253,7
DA:254,61
DA:255,16
DA:258,84
DA:259,66
DA:260,6
DA:261,60
DA:262,18
DA:265,84
DA:266,62
DA:267,3
DA:268,59
DA:269,22
DA:272,84
DA:273,60
DA:274,1
DA:275,59
DA:276,24
DA:279,84
DA:280,60
DA:281,1
DA:282,59
DA:283,24
DA:286,84
DA:287,60
DA:288,1
DA:289,59
DA:290,24
DA:293,84
DA:294,62
DA:295,2
DA:296,60
DA:297,22
DA:299,84
DA:300,62
DA:302,29
DA:303,22
DA:305,84
DA:309,67
DA:310,67
DA:313,67
DA:316,67
DA:317,60
DA:318,7
DA:320,7
DA:321,4
DA:322,3
DA:325,3
DA:326,3
DA:328,3
DA:329,3
DA:331,0
DA:334,0
DA:336,67
DA:338,80
DA:339,80
DA:340,17
DA:343,63
DA:344,62
DA:345,62
DA:346,62
DA:347,62
DA:350,79
DA:351,5
DA:352,1
DA:353,4
DA:354,4
DA:355,74
DA:357,74
DA:358,74
DA:360,73
DA:361,73
DA:364,71
DA:365,11
DA:366,11
DA:368,60
DA:369,80
DA:372,38
DA:373,38
DA:374,38
DA:375,38
DA:376,38
DA:379,37
DA:380,37
DA:381,37
DA:382,37
DA:383,37
DA:386,25
DA:387,25
DA:388,25
DA:389,25
DA:390,25
DA:393,25
DA:394,25
DA:395,25
DA:396,25
DA:397,25
DA:400,25
DA:401,25
DA:402,25
DA:403,25
DA:404,25
DA:408,33
DA:409,33
DA:410,33
DA:414,134
DA:415,134
DA:416,134
DA:419,39
DA:420,39
DA:421,3
DA:423,36
DA:424,36
DA:425,36
DA:427,39
DA:430,25
DA:431,25
DA:432,25
DA:433,25
DA:434,25
DA:437,25
DA:438,25
DA:439,25
DA:440,25
DA:441,25
DA:444,25
DA:445,25
DA:446,25
DA:447,25
DA:448,25
DA:451,25
DA:452,25
DA:453,25
DA:454,25
DA:455,25
DA:458,25
DA:459,25
DA:460,25
DA:461,25
DA:462,25
DA:541,15
DA:542,15
DA:543,1
DA:544,1
DA:545,1
DA:546,1
DA:547,11
DA:549,15
DA:553,5
DA:554,5
DA:555,5
DA:560,34
DA:561,34
DA:563,34
DA:564,11
DA:565,11
DA:566,11
DA:567,23
DA:568,3
DA:569,3
DA:570,3
DA:571,20
DA:572,1
DA:573,1
DA:574,1
DA:576,19
DA:577,19
DA:578,19
DA:581,34
DA:583,34
DA:584,34
DA:585,34
DA:586,34
DA:587,34
DA:588,34
DA:589,34
DA:590,34
DA:592,1
DA:593,1
DA:594,1
DA:596,1
DA:597,1
DA:599,1
DA:600,1
DA:601,1
DA:602,0
DA:604,0
DA:605,1
DA:607,44
DA:608,44
DA:609,44
DA:610,2
DA:611,2
DA:612,2
DA:613,42
DA:615,42
DA:616,42
DA:617,42
DA:619,40
DA:620,1
DA:621,1
DA:622,1
DA:623,1
DA:624,39
DA:626,39
DA:627,39
DA:628,3
DA:629,3
DA:630,3
DA:631,3
DA:632,3
DA:633,3
DA:634,3
DA:636,36
DA:637,44
DA:639,32
DA:640,32
DA:641,32
DA:642,32
DA:644,32
DA:645,31
DA:646,31
DA:648,1
DA:650,32
DA:654,986
DA:655,986
DA:656,986
DA:657,986
DA:659,986
DA:660,986
DA:661,983
DA:663,983
DA:664,983
DA:665,983
DA:667,983
DA:668,981
DA:669,981
DA:670,981
DA:672,2
DA:675,3
DA:678,0
DA:680,986
DA:683,992
DA:684,992
DA:685,988
DA:687,4
DA:689,992
DA:691,9
DA:692,9
DA:693,9
DA:694,9
DA:695,9
DA:696,9
DA:697,9
DA:698,9
DA:699,9
DA:701,9
DA:702,9
DA:704,9
DA:706,14
DA:707,14
DA:709,14
DA:710,10
DA:711,10
DA:712,10
DA:714,4
DA:715,4
DA:716,4
DA:717,4
DA:718,4
DA:719,4
DA:720,4
DA:725,5
DA:726,0
DA:727,0
DA:728,0
DA:729,0
DA:730,0
DA:731,5
DA:733,5
DA:734,5
DA:735,5
DA:737,5
DA:738,5
DA:739,5
DA:740,5
DA:741,5
DA:742,5
DA:743,5
DA:744,5
DA:745,5
DA:746,5
DA:748,5
DA:749,0
DA:751,0
DA:752,0
DA:754,0
DA:755,0
DA:757,0
DA:758,0
DA:759,0
DA:760,0
DA:761,0
DA:762,0
DA:763,0
DA:764,0
DA:765,5
DA:767,5
DA:768,5
DA:769,5
DA:770,5
DA:772,5
DA:773,5
DA:774,5
DA:775,5
DA:776,5
DA:777,9
DA:779,26
DA:780,26
DA:781,26
DA:782,26
DA:783,26
DA:788,26
DA:789,26
DA:790,26
DA:791,26
DA:793,25
DA:795,25
DA:796,25
DA:797,26
DA:799,25
DA:800,25
DA:806,25
DA:808,19
DA:809,19
DA:810,19
DA:811,19
DA:813,4
DA:814,4
DA:815,4
DA:817,15
DA:818,15
DA:819,15
DA:821,17
DA:822,17
DA:823,17
DA:824,17
DA:825,17
DA:827,17
DA:828,17
DA:829,17
DA:830,17
DA:832,17
DA:834,17
DA:835,17
DA:837,52
DA:841,52
DA:842,52
DA:843,52
DA:844,52
DA:846,22
DA:847,22
DA:848,22
DA:849,22
DA:850,22
DA:851,22
DA:852,22
DA:853,22
DA:854,22
DA:855,22
DA:856,22
DA:858,22
DA:861,22
DA:862,4
DA:864,18
DA:867,22
DA:869,21
DA:870,21
DA:872,21
DA:873,21
DA:874,21
DA:875,21
DA:876,21
DA:877,21
DA:878,21
DA:879,21
DA:880,21
DA:883,21
DA:884,17
DA:885,4
DA:888,21
DA:889,17
DA:890,14
DA:892,3
DA:894,4
DA:896,21
DA:897,22
DA:899,23
DA:900,23
DA:901,23
DA:902,23
DA:903,23
DA:904,23
DA:905,23
DA:906,23
DA:907,23
DA:908,23
DA:909,23
DA:910,23
DA:911,23
DA:912,23
DA:913,23
DA:914,23
DA:916,23
DA:917,23
DA:918,23
DA:919,23
DA:920,23
DA:921,23
DA:922,23
DA:923,23
DA:924,23
DA:926,23
DA:928,23
DA:930,23
DA:931,7
DA:932,7
DA:933,7
DA:934,7
DA:935,16
DA:937,45
DA:939,22
DA:940,0
DA:941,0
DA:942,0
DA:943,0
DA:944,0
DA:945,22
DA:947,22
DA:949,22
DA:950,4
DA:951,4
DA:954,4
DA:956,4
DA:958,22
DA:959,4
DA:960,4
DA:961,4
DA:962,4
DA:963,4
DA:964,4
DA:965,18
DA:968,22
DA:970,22
DA:971,22
DA:972,22
DA:973,22
DA:974,22
DA:975,22
DA:976,22
DA:977,22
DA:978,22
DA:981,22
DA:982,0
DA:983,0
DA:984,0
DA:985,0
DA:986,0
DA:987,0
DA:988,22
DA:990,22
DA:991,21
DA:992,21
DA:995,21
DA:996,21
DA:997,0
DA:998,21
DA:1000,21
DA:1001,17
DA:1002,17
DA:1003,17
DA:1004,17
DA:1005,17
DA:1006,3
DA:1007,14
DA:1008,17
DA:1009,0
DA:1010,0
DA:1011,17
DA:1013,4
DA:1014,4
DA:1015,1
DA:1016,3
DA:1017,4
DA:1018,0
DA:1019,4
DA:1022,21
DA:1023,21
DA:1024,21
DA:1025,21
DA:1026,21
DA:1027,21
DA:1028,21
DA:1029,21
DA:1030,21
DA:1032,21
DA:1033,19
DA:1034,19
DA:1035,19
DA:1036,19
DA:1037,19
DA:1038,19
DA:1039,19
DA:1041,1
DA:1042,1
DA:1043,0
DA:1044,1
DA:1045,1
DA:1050,22
DA:1051,0
DA:1052,0
DA:1053,0
DA:1054,0
DA:1056,0
DA:1059,0
DA:1060,0
DA:1061,0
DA:1063,0
DA:1064,0
DA:1065,0
DA:1066,0
DA:1067,22
DA:1070,22
DA:1071,0
DA:1072,0
DA:1073,0
DA:1074,0
DA:1075,0
DA:1076,0
DA:1077,0
DA:1078,0
DA:1079,0
DA:1080,0
DA:1081,0
DA:1082,0
DA:1083,22
DA:1087,23
DA:1088,23
DA:1089,23
DA:1091,23
DA:1092,23
DA:1093,23
DA:1094,23
DA:1095,23
DA:1096,23
DA:1097,23
DA:1098,23
DA:1099,23
DA:1100,23
DA:1103,23
DA:1104,23
DA:1106,11
DA:1107,11
DA:1108,11
DA:1109,11
DA:1110,11
DA:1111,11
DA:1112,11
DA:1114,11
DA:1115,11
DA:1116,11
DA:1118,11
DA:1123,11
DA:1124,0
DA:1125,0
DA:1126,0
DA:1127,0
DA:1128,11
DA:1129,11
DA:1130,11
DA:1131,11
DA:1132,11
DA:1133,11
DA:1134,11
DA:1135,0
DA:1136,0
DA:1137,0
DA:1138,0
DA:1139,0
DA:1140,0
DA:1141,0
DA:1142,0
DA:1143,0
DA:1144,0
DA:1145,0
DA:1146,0
DA:1147,0
DA:1148,0
DA:1149,0
DA:1152,11
DA:1153,5
DA:1154,5
DA:1155,5
DA:1156,5
DA:1157,6
DA:1159,11
DA:1160,6
DA:1161,6
DA:1162,6
DA:1164,11
DA:1169,11
DA:1170,11
DA:1173,23
DA:1174,23
DA:1175,23
DA:1176,23
DA:1177,23
DA:1178,23
DA:1179,23
DA:1180,23
DA:1181,23
DA:1183,23
DA:1184,17
DA:1185,6
DA:1188,23
DA:1189,23
DA:1192,12
DA:1193,12
DA:1194,12
DA:1195,12
DA:1196,12
DA:1199,12
DA:1200,12
DA:1201,12
DA:1202,12
DA:1203,12
DA:1204,12
DA:1205,12
DA:1206,12
DA:1207,12
DA:1208,0
DA:1211,15
DA:1212,15
DA:1213,1
DA:1214,1
DA:1215,1
DA:1216,1
DA:1217,1
DA:1218,1
DA:1219,14
DA:1222,12
DA:1223,12
DA:1226,13
DA:1227,13
DA:1228,13
DA:1229,13
DA:1230,13
DA:1231,13
DA:1232,13
DA:1233,13
DA:1234,13
DA:1235,13
DA:1236,13
DA:1237,13
DA:1240,0
DA:1241,0
DA:1242,0
DA:1243,0
DA:1244,0
DA:1245,0
DA:1246,0
DA:1247,0
DA:1248,0
DA:1249,0
DA:1250,0
DA:1253,0
DA:1256,0
DA:1261,0
DA:1265,0
DA:1270,0
DA:1271,0
DA:1274,0
DA:1277,0
DA:1285,0
DA:1286,0
DA:1289,0
DA:1290,0
DA:1291,0
DA:1292,0
DA:1293,0
DA:1294,0
DA:1295,0
DA:1296,0
DA:1297,0
DA:1298,0
DA:1299,0
DA:1300,0
DA:1301,0
DA:1304,3
DA:1305,3
DA:1306,3
DA:1307,3
DA:1308,3
DA:1311,1
DA:1312,1
DA:1313,1
DA:1314,1
DA:1316,1
DA:1319,1
DA:1322,1
DA:1323,1
DA:1324,1
DA:1325,0
DA:1328,0
DA:1329,0
DA:1330,0
DA:1331,0
DA:1334,0
DA:1335,0
DA:1336,0
DA:1337,0
DA:1340,0
DA:1341,0
DA:1342,0
DA:1343,0
DA:1344,0
DA:1345,0
DA:1348,0
DA:1350,0
DA:1351,1
DA:1354,4
DA:1355,4
DA:1356,4
DA:1357,4
DA:1359,4
DA:1360,4
DA:1361,4
DA:1362,0
DA:1363,0
DA:1364,0
DA:1365,4
DA:1368,2
DA:1369,2
DA:1370,2
DA:1371,2
DA:1373,2
DA:1374,2
DA:1375,2
DA:1376,2
DA:1379,2
DA:1380,2
DA:1381,0
DA:1382,0
DA:1383,0
DA:1385,2
DA:1386,2
DA:1387,2
DA:1388,0
DA:1390,2
DA:1391,1
DA:1392,1
DA:1393,1
DA:1395,1
DA:1396,2
DA:1399,1
DA:1400,1
DA:1401,1
DA:1402,1
DA:1404,1
DA:1405,1
DA:1406,1
DA:1407,0
DA:1409,0
DA:1410,1
DA:1413,1
DA:1414,1
DA:1415,1
DA:1416,1
DA:1418,1
DA:1419,0
DA:1420,0
DA:1421,1
DA:1423,1
DA:1424,1
DA:1427,0
DA:1428,0
DA:1429,0
DA:1430,0
DA:1431,0
DA:1432,0
DA:1433,0
DA:1436,1
DA:1437,1
DA:1438,1
DA:1439,1
DA:1441,1
DA:1442,0
DA:1443,0
DA:1444,1
DA:1446,1
DA:1447,1
DA:1450,2
DA:1451,2
DA:1452,2
DA:1453,2
DA:1455,2
DA:1456,0
DA:1457,0
DA:1458,2
DA:1460,2
DA:1461,2
DA:1464,23
DA:1465,23
DA:1466,23
DA:1467,23
DA:1468,23
DA:1469,23
DA:1471,23
DA:1472,23
DA:1473,23
DA:1476,23
DA:1477,11
DA:1478,11
DA:1479,11
DA:1480,11
DA:1481,11
DA:1482,11
DA:1483,11
DA:1485,12
DA:1488,12
DA:1489,12
DA:1492,12
DA:1493,12
DA:1494,12
DA:1495,12
DA:1496,12
DA:1497,12
DA:1498,12
DA:1499,12
DA:1500,12
DA:1501,12
DA:1502,12
DA:1503,0
DA:1506,0
DA:1507,0
DA:1510,0
DA:1513,0
DA:1514,0
DA:1515,0
DA:1516,0
DA:1517,0
DA:1518,0
DA:1519,0
DA:1520,0
DA:1522,23
DA:1525,11
DA:1526,11
DA:1527,11
DA:1528,11
DA:1529,11
DA:1530,11
DA:1531,11
DA:1532,11
DA:1533,11
DA:1534,11
DA:1535,11
DA:1536,11
DA:1537,11
DA:1540,11
DA:1541,11
DA:1542,11
DA:1543,11
DA:1544,11
DA:1545,11
DA:1546,11
DA:1547,11
DA:1550,11
DA:1551,11
DA:1552,11
DA:1553,11
DA:1554,11
DA:1555,11
DA:1556,11
DA:1557,11
DA:1558,11
DA:1559,11
DA:1560,11
DA:1570,34
DA:1571,34
DA:1572,34
DA:1573,34
DA:1574,34
DA:1575,34
DA:1577,1
DA:1578,1
DA:1579,0
DA:1580,1
DA:1582,1
DA:1583,1
DA:1589,1
DA:1592,1
DA:1593,1
DA:1594,1
DA:1595,1
DA:1596,1
DA:1597,1
DA:1598,1
DA:1599,1
DA:1600,1
DA:1601,1
DA:1602,1
DA:1603,1
DA:1604,1
DA:1606,1
DA:1607,0
DA:1608,0
DA:1609,0
DA:1610,0
DA:1611,1
DA:1613,1
DA:1614,1
DA:1615,1
DA:1616,1
DA:1617,0
DA:1618,0
DA:1619,1
DA:1621,1
DA:1622,1
DA:1624,19
DA:1625,19
DA:1626,19
DA:1627,0
DA:1629,0
DA:1630,0
DA:1631,0
DA:1633,0
DA:1636,0
DA:1641,0
DA:1642,0
DA:1643,0
DA:1645,0
DA:1646,0
DA:1647,0
DA:1648,0
DA:1650,0
DA:1651,19
DA:1653,21
DA:1654,21
DA:1655,21
DA:1656,0
DA:1658,0
DA:1659,0
DA:1660,0
DA:1662,0
DA:1665,0
DA:1667,0
DA:1671,0
DA:1672,0
DA:1673,0
DA:1675,0
DA:1676,0
DA:1677,0
DA:1679,0
DA:1682,0
DA:1683,21
DA:1718,11
DA:1719,11
DA:1720,3
DA:1721,8
DA:1723,8
DA:1724,8
DA:1728,8
DA:1729,22
DA:1730,14
DA:1731,14
DA:1732,14
DA:1733,14
DA:1735,7431
DA:1736,7431
DA:1737,28
DA:1739,28
DA:1740,28
DA:1741,14
DA:1742,14
DA:1743,14
DA:1744,14
DA:1746,7375
DA:1750,14
DA:1751,14
DA:1754,14
DA:1755,6
DA:1756,3
DA:1757,3
DA:1758,3
DA:1759,3
DA:1760,8
DA:1763,11
DA:1764,4
DA:1765,7
DA:1766,4
DA:1767,4
DA:1769,11
DA:1771,0
DA:1776,153
DA:1777,153
DA:1778,0
DA:1779,153
DA:1781,153
DA:1784,153
DA:1786,9
DA:1787,1
DA:1789,0
DA:1790,0
DA:1791,0
DA:1793,0
DA:1795,0
DA:1796,0
DA:1797,0
DA:1798,0
DA:1799,1
DA:1800,8
DA:1803,9
DA:1804,5
DA:1805,4
DA:1806,4
DA:1807,1
DA:1808,4
DA:1811,5
DA:1812,5
DA:1813,4
DA:1814,4
DA:1815,1
DA:1816,0
DA:1817,144
DA:1820,8
DA:1821,11
DA:1823,7
DA:1824,7
DA:1825,7
DA:1826,7
DA:1828,7
DA:1829,0
DA:1830,7
DA:1832,7
DA:1833,7
DA:1834,1183
DA:1835,1148
DA:1836,1148
DA:1837,1148
DA:1838,1148
DA:1839,1148
DA:1840,1148
DA:1841,1148
DA:1842,1148
DA:1843,7
DA:1845,7
DA:1846,7
DA:1848,6
DA:1849,6
DA:1851,6
DA:1852,9
DA:1853,9
DA:1854,1
DA:1855,8
DA:1858,6
DA:1859,5
DA:1860,5
DA:1861,1
DA:1863,1
DA:1864,1
DA:1866,1
DA:1867,1
DA:1868,1
DA:1869,1
DA:1870,1
DA:1871,1
DA:1873,1
DA:1874,1
DA:1875,1
DA:1876,1
DA:1877,1
DA:1878,1
DA:1879,1
DA:1880,1
DA:1881,1
DA:1882,1
DA:1883,0
DA:1884,1
DA:1887,1
DA:1889,1
DA:1890,6
DA:1893,0
DA:1894,0
DA:1896,0
DA:1897,0
DA:1898,0
DA:1899,0
DA:1900,0
DA:1904,0
DA:1905,0
DA:1907,0
DA:1908,0
DA:1910,0
DA:1913,0
DA:1916,0
DA:1919,0
DA:1922,0
DA:1925,0
DA:1927,0
DA:1928,0
DA:1929,0
DA:1930,0
DA:1931,0
DA:1933,0
DA:1934,0
DA:1935,0
DA:1936,0
DA:1937,0
DA:1940,0
DA:1941,0
DA:1944,0
DA:1945,0
DA:1946,0
DA:1947,0
DA:1949,0
DA:1952,0
DA:1953,0
DA:1954,0
DA:1957,0
DA:1958,0
DA:1959,0
DA:1960,0
DA:1961,0
DA:1962,0
DA:1963,0
DA:1964,0
DA:1965,0
DA:1966,0
DA:1969,0
DA:1971,0
DA:1973,0
DA:1974,0
DA:1975,0
DA:1978,0
DA:1980,0
DA:1981,0
DA:1982,0
DA:1985,0
DA:1986,0
DA:1989,0
DA:1990,0
DA:1991,0
DA:1992,0
DA:1993,0
DA:1995,0
DA:1996,0
DA:1997,0
DA:1998,0
DA:1999,0
DA:2002,8
DA:2003,8
DA:2004,1
DA:2005,7
DA:2006,2
DA:2007,5
DA:2008,3
DA:2010,2
DA:2012,8
DA:2015,4
DA:2016,4
DA:2017,3
DA:2019,1
DA:2021,4
DA:2023,4
DA:2024,4
DA:2026,4
DA:2027,0
DA:2028,0
DA:2029,4
DA:2031,4
DA:2032,4
DA:2034,4
DA:2035,4
DA:2037,655
DA:2039,655
DA:2040,655
DA:2042,655
DA:2045,655
DA:2046,164
DA:2048,164
DA:2049,164
DA:2050,164
DA:2052,164
DA:2053,164
DA:2054,1
DA:2055,1
DA:2057,163
DA:2058,163
DA:2061,0
DA:2063,491
DA:2064,491
DA:2065,491
DA:2068,4
DA:2069,4
DA:2070,4
DA:2072,4
DA:2073,4
DA:2075,5
DA:2076,5
DA:2078,6
DA:2079,6
DA:2080,2
DA:2081,2
DA:2082,0
DA:2083,4
DA:2086,3
DA:2087,5
DA:2089,5
DA:2090,5
DA:2091,5
DA:2093,5
DA:2094,5
DA:2095,5
DA:2097,5
DA:2098,5
DA:2099,5
DA:2100,1
DA:2101,1
DA:2103,4
DA:2105,5
DA:2106,5
DA:2107,5
DA:2109,5
DA:2110,5
DA:2111,5
DA:2112,5
DA:2113,0
DA:2114,5
DA:2116,5
DA:2117,29
DA:2118,29
DA:2120,5
DA:2122,5
DA:2124,0
DA:2125,0
DA:2126,0
DA:2127,0
DA:2128,0
DA:2129,0
DA:2130,0
DA:2132,5
DA:2134,82
DA:2135,82
DA:2138,82
DA:2141,82
DA:2142,4
DA:2143,4
DA:2144,4
DA:2145,78
DA:2148,82
DA:2149,82
DA:2152,70
DA:2153,0
DA:2154,0
DA:2156,0
DA:2158,70
DA:2161,70
DA:2162,2
DA:2164,2
DA:2165,0
DA:2167,2
DA:2168,2
DA:2170,329
DA:2172,329
DA:2173,329
DA:2175,329
DA:2178,2
DA:2180,2
DA:2181,68
DA:2184,68
DA:2185,3
DA:2186,3
DA:2187,65
DA:2190,65
DA:2191,6
DA:2192,6
DA:2193,6
DA:2194,59
DA:2197,59
DA:2198,6
DA:2199,6
DA:2200,6
DA:2201,53
DA:2204,53
DA:2205,53
DA:2206,5
DA:2207,2
DA:2208,2
DA:2209,2
DA:2210,2
DA:2211,2
DA:2214,2
DA:2215,2
DA:2216,2
DA:2217,2
DA:2218,2
DA:2220,2
DA:2221,2
DA:2224,2
DA:2225,2
DA:2227,2
DA:2228,2
DA:2230,2
DA:2231,2
DA:2233,2
DA:2234,2
DA:2235,2
DA:2236,2
DA:2237,0
DA:2239,2
DA:2240,2
DA:2241,2
DA:2242,2
DA:2243,2
DA:2244,2
DA:2245,2
DA:2246,2
DA:2247,2
DA:2248,0
DA:2251,2
DA:2252,2
DA:2254,2
DA:2255,2
DA:2256,2
DA:2257,2
DA:2259,2
DA:2261,2
DA:2262,2
DA:2263,2
DA:2264,2
DA:2265,4
DA:2267,2
DA:2268,2
DA:2269,0
DA:2272,2
DA:2273,1
DA:2274,1
DA:2275,1
DA:2276,1
DA:2277,1
DA:2278,1
DA:2279,0
DA:2280,1
DA:2282,2
DA:2283,2
DA:2284,2
DA:2285,2
DA:2286,2
DA:2287,2
DA:2288,2
DA:2289,0
DA:2291,2
DA:2292,2
DA:2294,2
DA:2295,1
DA:2296,1
DA:2297,0
DA:2298,0
DA:2299,0
DA:2300,0
DA:2301,1
DA:2302,1
DA:2303,1
DA:2304,1
DA:2306,2
DA:2307,1
DA:2309,1
DA:2312,3
DA:2313,3
DA:2315,48
DA:2317,48
DA:2319,13
DA:2320,13
DA:2322,13
DA:2323,2
DA:2324,11
DA:2325,11
DA:2326,2
DA:2327,9
DA:2330,9
DA:2331,9
DA:2333,9
DA:2334,9
DA:2336,9
DA:2337,9
DA:2338,9
DA:2339,5
DA:2340,5
DA:2341,5
DA:2342,0
DA:2344,5
DA:2345,5
DA:2347,5
DA:2348,0
DA:2349,4
DA:2351,4
DA:2352,4
DA:2353,4
DA:2354,0
DA:2356,0
DA:2357,0
DA:2358,0
DA:2361,35
DA:2363,35
DA:2364,34
DA:2365,1
DA:2368,34
DA:2369,34
DA:2371,34
DA:2373,34
DA:2374,34
DA:2376,34
DA:2377,1
DA:2378,33
DA:2380,34
DA:2381,1
DA:2382,1
DA:2384,1
DA:2385,1
DA:2387,1
DA:2388,1
DA:2389,1
DA:2390,0
DA:2391,33
DA:2395,33
DA:2396,22
DA:2397,22
DA:2398,22
DA:2399,22
DA:2400,22
DA:2402,22
DA:2403,22
DA:2404,22
DA:2405,22
DA:2406,22
DA:2407,22
DA:2408,22
DA:2409,22
DA:2410,22
DA:2411,22
DA:2412,22
DA:2413,22
DA:2415,0
DA:2416,0
DA:2417,0
DA:2418,0
DA:2419,0
DA:2421,0
DA:2422,0
DA:2423,0
DA:2424,0
DA:2425,0
DA:2426,0
DA:2428,0
DA:2429,0
DA:2430,0
DA:2433,22
DA:2434,19
DA:2435,3
DA:2437,21
DA:2438,21
DA:2439,21
DA:2440,21
DA:2442,21
DA:2443,21
DA:2444,21
DA:2446,21
DA:2447,21
DA:2448,21
DA:2449,21
DA:2450,21
DA:2452,21
DA:2453,15
DA:2454,6
DA:2457,21
DA:2458,6
DA:2459,6
DA:2460,6
DA:2461,6
DA:2462,6
DA:2463,6
DA:2464,0
DA:2466,6
DA:2467,2
DA:2468,2
DA:2469,2
DA:2470,2
DA:2471,2
DA:2472,0
DA:2473,4
DA:2475,15
DA:2478,21
DA:2479,18
DA:2480,18
DA:2481,18
DA:2482,18
DA:2483,18
DA:2484,18
DA:2485,3
DA:2487,21
DA:2489,21
DA:2491,21
DA:2492,21
DA:2493,21
DA:2494,21
DA:2495,21
DA:2496,21
DA:2497,21
DA:2499,21
DA:2500,6
DA:2501,6
DA:2502,2
DA:2503,2
DA:2504,0
DA:2505,2
DA:2506,2
DA:2507,0
DA:2508,2
DA:2509,4
DA:2510,4
DA:2511,4
DA:2512,15
DA:2514,21
DA:2515,11
DA:2517,10
DA:2519,11
DA:2521,11
DA:2522,63
DA:2529,1
DA:2530,1
DA:2531,1
DA:2532,1
DA:2533,1
DA:2534,1
DA:2535,1
DA:2536,1
DA:2539,1
DA:2540,1
DA:2541,1
DA:2542,1
DA:2543,1
DA:2544,1
DA:2545,1
DA:2546,1
DA:2547,1
DA:2548,1
DA:2549,1
DA:2552,1
DA:2553,1
DA:2554,1
DA:2555,1
DA:2556,1
DA:2557,1
DA:2558,1
DA:2559,1
DA:2562,1
DA:2563,1
DA:2564,1
DA:2565,1
DA:2566,1
DA:2567,1
DA:2568,1
DA:2569,1
DA:2570,1
DA:2571,1
DA:2572,1
DA:2575,1
DA:2576,1
DA:2577,1
DA:2578,1
DA:2579,1
DA:2580,1
DA:2581,1
DA:2582,1
DA:2585,1
DA:2586,1
DA:2587,1
DA:2588,1
DA:2589,1
DA:2590,1
DA:2591,1
DA:2592,1
DA:2593,1
DA:2594,1
DA:2595,1
DA:2598,1
DA:2599,1
DA:2600,1
DA:2601,1
DA:2602,1
DA:2603,1
DA:2604,1
DA:2605,1
DA:2608,1
DA:2609,1
DA:2610,1
DA:2611,1
DA:2612,1
DA:2613,1
DA:2614,1
DA:2615,1
DA:2616,1
DA:2617,1
DA:2618,1
DA:2621,1
DA:2622,1
DA:2623,1
DA:2624,1
DA:2625,1
DA:2626,1
DA:2627,1
DA:2628,1
DA:2631,1
DA:2632,1
DA:2633,1
DA:2634,1
DA:2635,1
DA:2636,1
DA:2637,1
DA:2638,1
DA:2641,1
DA:2642,1
DA:2643,1
DA:2644,1
DA:2645,1
DA:2646,1
DA:2647,1
DA:2648,1
DA:2649,1
DA:2651,1
DA:2652,1
DA:2655,1
DA:2656,1
DA:2657,1
DA:2658,1
DA:2659,1
DA:2660,1
DA:2661,1
DA:2662,1
DA:2663,1
DA:2665,1
DA:2666,1
DA:2669,1
DA:2670,1
DA:2671,1
DA:2672,1
DA:2673,1
DA:2674,1
DA:2675,1
DA:2676,1
DA:2679,1
DA:2680,1
DA:2681,1
DA:2682,1
DA:2683,1
DA:2684,1
DA:2685,1
DA:2686,1
DA:2687,1
DA:2688,1
DA:2689,1
DA:2692,1
DA:2693,1
DA:2694,1
DA:2695,1
DA:2696,1
DA:2697,1
DA:2698,1
DA:2699,1
DA:2702,1
DA:2703,1
DA:2704,1
DA:2705,1
DA:2706,1
DA:2707,1
DA:2708,1
DA:2709,1
DA:2712,1
DA:2713,1
DA:2714,1
DA:2715,1
DA:2716,1
DA:2717,1
DA:2718,1
DA:2719,1
DA:2722,1
DA:2723,1
DA:2724,1
DA:2725,1
DA:2726,1
DA:2727,1
DA:2728,1
DA:2729,1
DA:2732,1
DA:2733,1
DA:2734,1
DA:2735,1
DA:2736,1
DA:2737,1
DA:2738,1
DA:2739,1
DA:2742,1
DA:2743,1
DA:2744,1
DA:2745,1
DA:2746,1
DA:2747,1
DA:2748,1
DA:2749,1
DA:2752,1
DA:2754,1
DA:2755,1
DA:2756,1
DA:2757,1
DA:2758,1
DA:2759,1
DA:2760,1
DA:2761,1
DA:2762,1
DA:2763,1
DA:2764,1
DA:2765,1
DA:2766,1
DA:2767,1
DA:2768,1
DA:2769,1
DA:2770,1
DA:2771,1
DA:2772,1
DA:2773,1
DA:2774,1
DA:2775,1
DA:2776,1
DA:2777,1
DA:2778,1
DA:2779,1
DA:2780,1
DA:2781,1
DA:2782,1
DA:2783,1
DA:2784,1
DA:2787,1
DA:2788,1
DA:2789,1
DA:2790,1
DA:2791,1
DA:2792,1
DA:2793,1
DA:2794,1
DA:2795,1
DA:2796,1
DA:2797,1
DA:2798,1
DA:2799,1
DA:2800,1
DA:2805,1
DA:2806,1
DA:2807,1
DA:2808,1
DA:2809,1
DA:2810,1
DA:2811,1
DA:2812,1
DA:2813,1
DA:2814,1
DA:2815,1
DA:2816,1
DA:2817,1
DA:2818,1
DA:2821,1
DA:2822,1
DA:2823,1
DA:2824,1
DA:2825,1
DA:2826,1
DA:2827,1
DA:2828,1
DA:2829,1
DA:2832,1
DA:2833,1
DA:2834,1
DA:2835,1
DA:2836,1
DA:2837,1
DA:2838,1
DA:2839,1
DA:2840,1
DA:2843,1
DA:2844,1
DA:2845,1
DA:2846,1
DA:2847,1
DA:2848,1
DA:2849,1
DA:2850,1
DA:2851,1
DA:2854,1
DA:2855,1
DA:2856,1
DA:2857,1
DA:2858,1
DA:2859,1
DA:2860,1
DA:2861,1
DA:2862,1
DA:2865,1
DA:2866,1
DA:2867,1
DA:2868,1
DA:2869,1
DA:2870,1
DA:2871,1
DA:2872,1
DA:2873,1
DA:2876,1
DA:2877,1
DA:2878,1
DA:2879,1
DA:2880,1
DA:2881,1
DA:2882,1
DA:2883,1
DA:2884,1
DA:2887,1
DA:2888,1
DA:2889,1
DA:2890,1
DA:2891,1
DA:2892,1
DA:2893,1
DA:2894,1
DA:2895,1
DA:2898,1
DA:2899,1
DA:2900,1
DA:2901,1
DA:2902,1
DA:2903,1
DA:2904,1
DA:2905,1
DA:2906,1
DA:2909,1
DA:2910,1
DA:2911,1
DA:2912,1
DA:2913,1
DA:2914,1
DA:2915,1
DA:2916,1
DA:2917,1
DA:2920,1
DA:2921,1
DA:2922,1
DA:2923,1
DA:2924,1
DA:2925,1
DA:2926,1
DA:2927,1
DA:2928,1
DA:2931,1
DA:2932,1
DA:2933,1
DA:2934,1
DA:2935,1
DA:2936,1
DA:2937,1
DA:2938,1
DA:2940,1
DA:2941,1
DA:2944,1
DA:2945,1
DA:2946,1
DA:2947,1
DA:2948,1
DA:2949,1
DA:2950,1
DA:2951,1
DA:2952,1
DA:2953,1
DA:2955,1
DA:2956,1
DA:2957,1
DA:2958,1
DA:2961,1
DA:2962,1
DA:2963,1
DA:2964,1
DA:2966,1
DA:2967,1
DA:2970,1
DA:2972,1
DA:2973,1
DA:2978,1
DA:2980,1
DA:2981,1
DA:2982,1
DA:2985,1
DA:2987,1
DA:2988,1
DA:2989,1
DA:2992,1
DA:2993,1
DA:2994,1
DA:2997,1
DA:2998,1
DA:2999,1
DA:3002,1
DA:3003,1
DA:3004,1
DA:3005,1
DA:3008,1
DA:3009,1
DA:3010,1
DA:3013,1
DA:3015,1
DA:3016,1
DA:3017,1
DA:3019,1
DA:3020,1
DA:3021,1
DA:3024,1
DA:3026,1
DA:3027,16
DA:3028,1
DA:3031,1
DA:3032,1
DA:3033,1
DA:3034,1
DA:3035,1
DA:3038,1
DA:3039,1
DA:3040,1
DA:3041,1
DA:3042,1
DA:3045,1
DA:3046,1
DA:3047,1
DA:3048,1
DA:3051,1
DA:3052,1
DA:3053,1
DA:3056,1
DA:3057,1
DA:3058,1
DA:3061,1
DA:3063,1
DA:3064,1
DA:3067,1
DA:3068,1
DA:3069,1
DA:3074,1
DA:3076,1
DA:3078,1
DA:3079,40
DA:3080,1
DA:3083,1
DA:3085,1
DA:3089,1
DA:3090,1
DA:3093,1
DA:3095,1
DA:3097,1
DA:3100,1
DA:3101,0
DA:3102,1
DA:3105,1
DA:3107,1
DA:3108,1
DA:3111,1
DA:3113,1
DA:3114,1
DA:3115,1
DA:3116,1
DA:3117,1
DA:3120,1
DA:3122,1
DA:3123,1
DA:3124,1
DA:3125,1
DA:3130,1
DA:3132,1
DA:3133,1
DA:3134,1
DA:3135,1
DA:3136,1
DA:3137,1
DA:3140,1
DA:3142,1
DA:3143,1
DA:3144,1
DA:3145,1
DA:3148,1
DA:3150,1
DA:3151,1
DA:3152,1
DA:3153,1
DA:3154,1
DA:3159,1
DA:3162,1
DA:3163,1
DA:3164,1
DA:3165,1
DA:3166,1
DA:3169,1
DA:3171,1
DA:3172,1
DA:3173,1
DA:3174,1
DA:3175,1
DA:3178,1
DA:3180,1
DA:3181,1
DA:3182,1
DA:3183,1
DA:3184,1
DA:3187,1
DA:3189,1
DA:3190,1
DA:3191,1
DA:3192,1
DA:3193,1
DA:3196,1
DA:3198,1
DA:3199,1
DA:3200,1
DA:3201,1
DA:3202,1
DA:3205,1
DA:3207,1
DA:3208,1
DA:3210,1
DA:3211,1
DA:3214,1
DA:3216,1
DA:3217,1
DA:3218,1
DA:3219,1
DA:3220,1
DA:3223,1
DA:3225,1
DA:3226,1
DA:3227,1
DA:3228,1
DA:3229,1
DA:3234,1
DA:3236,1
DA:3237,1
DA:3238,1
DA:3239,1
DA:3240,1
DA:3241,1
DA:3244,1
DA:3246,1
DA:3247,1
DA:3248,1
DA:3251,1
DA:3253,1
DA:3254,1
DA:3255,1
DA:3258,1
DA:3260,1
DA:3263,1
DA:3264,1
DA:3267,1
DA:3269,1
DA:3272,1
DA:3273,1
DA:3276,1
DA:3278,1
DA:3281,1
DA:3282,1
DA:3285,1
DA:3287,1
DA:3290,1
DA:3291,1
DA:3294,1
DA:3296,1
DA:3297,1
DA:3299,1
DA:3300,1
DA:3303,1
DA:3305,1
DA:3307,1
DA:3308,1
DA:3311,1
DA:3313,1
DA:3315,1
DA:3316,1
DA:3319,1
DA:3321,1
DA:3322,1
DA:3323,1
DA:3326,1
DA:3328,1
DA:3329,1
DA:3333,1
DA:3335,1
DA:3336,1
DA:3338,1
DA:3339,1
DA:3340,1
DA:3342,1
DA:3343,1
DA:3346,1
DA:3348,1
DA:3349,1
DA:3352,1
DA:3354,1
DA:3356,1
DA:3358,1
DA:3361,1
DA:3362,1
DA:3363,1
DA:3366,1
DA:3368,1
DA:3369,1
DA:3370,1
DA:3372,1
DA:3373,1
DA:3374,1
DA:3375,1
DA:3376,1
DA:3379,1
DA:3381,1
DA:3382,1
DA:3383,1
DA:3385,1
DA:3386,1
DA:3387,1
DA:3388,1
DA:3389,1
DA:3393,1
DA:3394,1
DA:3395,1
DA:3398,1
DA:3399,1
DA:3400,1
DA:3403,1
DA:3404,1
DA:3405,1
DA:3409,1
DA:3411,1
DA:3412,1
DA:3415,1
DA:3417,1
DA:3418,1
DA:3421,1
DA:3423,1
DA:3424,1
DA:3428,1
DA:3429,1
DA:3430,1
DA:3431,1
DA:3434,1
DA:3435,1
DA:3436,1
DA:3437,1
DA:3440,1
DA:3441,1
DA:3442,1
DA:3443,1
DA:3446,1
DA:3447,1
DA:3448,1
DA:3449,1
DA:3452,1
DA:3453,1
DA:3454,1
DA:3455,1
DA:3456,1
DA:3457,1
DA:3458,1
DA:3459,1
DA:3462,1
DA:3463,1
DA:3464,1
DA:3465,1
DA:3466,1
DA:3467,1
DA:3468,1
DA:3469,1
DA:3470,1
DA:3471,1
DA:3472,1
DA:3476,82
DA:3477,164
DA:3478,82
BRF:0
BRH:0
LF:2297
LH:1942
end_of_record